[35m[Appium][39m Welcome to Appium v1.22.2
[35m[Appium][39m Non-default server args:
[35m[Appium][39m   port: 62573
[35m[Appium][39m   loglevel: info
[35m[Appium][39m   tmpDir: C:\Users\H24090~1\AppData\Local\Temp\\Katalon\Appium\Temp1733731372154
[35m[Appium][39m   chromedriverPort: 62574
[35m[Appium][39m Deprecated server args:
[35m[Appium][39m   [31m--chromedriver-port[39m => --default-capabilities
[35m[Appium][39m Default capabilities, which will be added to each request unless overridden by desired capabilities:
[35m[Appium][39m   chromedriverPort: 62574
[35m[Appium][39m Appium REST http interface listener started on 0.0.0.0:62573
[35m[HTTP][39m [37m-->[39m [37mGET[39m [37m/wd/hub/status[39m
[35m[HTTP][39m [90m{}[39m
[35m[HTTP][39m [37m<-- GET /wd/hub/status [39m[32m200[39m [90m4 ms - 68[39m
[35m[HTTP][39m [90m[39m
[35m[HTTP][39m [37m-->[39m [37mGET[39m [37m/wd/hub/status[39m
[35m[HTTP][39m [90m{}[39m
[35m[HTTP][39m [37m<-- GET /wd/hub/status [39m[32m200[39m [90m1 ms - 68[39m
[35m[HTTP][39m [90m[39m
[35m[HTTP][39m [37m-->[39m [37mPOST[39m [37m/wd/hub/session[39m
[35m[HTTP][39m [90m{"desiredCapabilities":{"appActivity":".Settings","appPackage":"com.android.settings","newCommandTimeout":1800,"platformVersion":"14","automationName":"uiautomator2","autoGrantPermissions":true,"platformName":"Android","udid":"vghmwg6dda5lgydq","deviceName":"Xiaomi 23117RA68G (Android 14)","platform":"ANDROID","systemPort":8262},"capabilities":{"firstMatch":[{"appium:appActivity":".Settings","appium:appPackage":"com.android.settings","appium:autoGrantPermissions":true,"appium:automationName":"uiautomator2","appium:deviceName":"Xiaomi 23117RA68G (Android 14)","appium:newCommandTimeout":1800,"platform":"ANDROID","platformName":"android","appium:platformVersion":"14","appium:systemPort":8262,"appium:udid":"vghmwg6dda5lgydq"}]}}[39m
[35m[BaseDriver][39m The following capabilities are not standard capabilities and should have an extension prefix:
[35m[BaseDriver][39m   platform
[35m[BaseDriver][39m   chromedriverPort
[35m[Appium][39m Appium v1.22.2 creating new AndroidUiautomator2Driver (v1.70.1) session
[35m[BaseDriver][39m The following capabilities were provided, but are not recognized by Appium:
[35m[BaseDriver][39m   platform
[35m[BaseDriver][39m Session created with session id: 00bf1e61-4520-474a-be65-115ec39013d6
[35m[UiAutomator2][39m Starting 'com.android.settings' directly on the device
[35m[ADB][39m Found 1 'build-tools' folders under 'C:\Users\H24090018\.katalon\tools\android_sdk' (newest first):
[35m[ADB][39m     C:/Users/H24090018/.katalon/tools/android_sdk/build-tools/29.0.3
[35m[ADB][39m Using 'adb.exe' from 'C:\Users\H24090018\.katalon\tools\android_sdk\platform-tools\adb.exe'
[35m[AndroidDriver][39m Retrieving device list
[35m[AndroidDriver][39m Using device: vghmwg6dda5lgydq
[35m[ADB][39m Using 'adb.exe' from 'C:\Users\H24090018\.katalon\tools\android_sdk\platform-tools\adb.exe'
[35m[ADB][39m Getting device platform version
[35m[UiAutomator2][39m Relaxing hidden api policy
[35m[AndroidDriver][39m No app sent in, not parsing package/activity
[35m[ADB][39m Using 'apksigner.jar' from 'C:\Users\H24090018\.katalon\tools\android_sdk\build-tools\29.0.3\lib\apksigner.jar'
[35m[ADB][39m 'C:\Users\H24090018\AppData\Roaming\npm\node_modules\appium\node_modules\appium-uiautomator2-server\apks\appium-uiautomator2-server-v4.27.0.apk' is signed with the default certificate
[35m[ADB][39m 'C:\Users\H24090018\AppData\Roaming\npm\node_modules\appium\node_modules\appium-uiautomator2-server\apks\appium-uiautomator2-server-debug-androidTest.apk' is signed with the default certificate
[35m[UiAutomator2][39m Server packages are not going to be (re)installed
[35m[ADB][39m Adding packages ["io.appium.settings","io.appium.uiautomator2.server","io.appium.uiautomator2.server.test"] to Doze whitelist
[35m[UiAutomator2][39m Starting UIAutomator2 server 4.27.0
[35m[UiAutomator2][39m Using UIAutomator2 server from 'C:\Users\H24090018\AppData\Roaming\npm\node_modules\appium\node_modules\appium-uiautomator2-server\apks\appium-uiautomator2-server-v4.27.0.apk' and test from 'C:\Users\H24090018\AppData\Roaming\npm\node_modules\appium\node_modules\appium-uiautomator2-server\apks\appium-uiautomator2-server-debug-androidTest.apk'
[35m[UiAutomator2][39m Waiting up to 30000ms for UiAutomator2 to be online...
[35m[WD Proxy][39m socket hang up
[35m[WD Proxy][39m socket hang up
[35m[WD Proxy][39m socket hang up
[35m[WD Proxy][39m Determined the downstream protocol as 'W3C'
[35m[AndroidDriver][39m Screen already unlocked, doing nothing
[35m[UiAutomator2][39m Starting 'com.android.settings/.Settings and waiting for 'com.android.settings/.Settings'
[35m[Appium][39m New AndroidUiautomator2Driver session created successfully, session 00bf1e61-4520-474a-be65-115ec39013d6 added to master session list
[35m[HTTP][39m [37m<-- POST /wd/hub/session [39m[32m200[39m [90m12487 ms - 1179[39m
[35m[HTTP][39m [90m[39m
[35m[HTTP][39m [37m-->[39m [37mGET[39m [37m/wd/hub/session/00bf1e61-4520-474a-be65-115ec39013d6[39m
[35m[HTTP][39m [90m{}[39m
[35m[HTTP][39m [37m<-- GET /wd/hub/session/00bf1e61-4520-474a-be65-115ec39013d6 [39m[32m200[39m [90m11 ms - 1133[39m
[35m[HTTP][39m [90m[39m
[35m[HTTP][39m [37m-->[39m [37mGET[39m [37m/wd/hub/session/00bf1e61-4520-474a-be65-115ec39013d6[39m
[35m[HTTP][39m [90m{}[39m
[35m[HTTP][39m [37m<-- GET /wd/hub/session/00bf1e61-4520-474a-be65-115ec39013d6 [39m[32m200[39m [90m9 ms - 1133[39m
[35m[HTTP][39m [90m[39m
[35m[HTTP][39m [37m-->[39m [37mGET[39m [37m/wd/hub/status[39m
[35m[HTTP][39m [90m{}[39m
[35m[HTTP][39m [37m<-- GET /wd/hub/status [39m[32m200[39m [90m1 ms - 68[39m
[35m[HTTP][39m [90m[39m
[35m[HTTP][39m [37m-->[39m [37mPOST[39m [37m/wd/hub/session/00bf1e61-4520-474a-be65-115ec39013d6/timeouts[39m
[35m[HTTP][39m [90m{"implicit":60000}[39m
[35m[HTTP][39m [37m<-- POST /wd/hub/session/00bf1e61-4520-474a-be65-115ec39013d6/timeouts [39m[32m200[39m [90m3 ms - 14[39m
[35m[HTTP][39m [90m[39m
[35m[HTTP][39m [37m-->[39m [37mGET[39m [37m/wd/hub/session/00bf1e61-4520-474a-be65-115ec39013d6/screenshot[39m
[35m[HTTP][39m [90m{}[39m
[35m[HTTP][39m [37m<-- GET /wd/hub/session/00bf1e61-4520-474a-be65-115ec39013d6/screenshot [39m[32m200[39m [90m474 ms - 188062[39m
[35m[HTTP][39m [90m[39m
[35m[HTTP][39m [37m-->[39m [37mGET[39m [37m/wd/hub/session/00bf1e61-4520-474a-be65-115ec39013d6/window/rect[39m
[35m[HTTP][39m [90m{}[39m
[35m[HTTP][39m [37m<-- GET /wd/hub/session/00bf1e61-4520-474a-be65-115ec39013d6/window/rect [39m[32m200[39m [90m15 ms - 50[39m
[35m[HTTP][39m [90m[39m
[35m[HTTP][39m [37m-->[39m [37mGET[39m [37m/wd/hub/session/00bf1e61-4520-474a-be65-115ec39013d6/appium/device/system_bars[39m
[35m[HTTP][39m [90m{}[39m
[35m[HTTP][39m [37m<-- GET /wd/hub/session/00bf1e61-4520-474a-be65-115ec39013d6/appium/device/system_bars [39m[32m200[39m [90m132 ms - 145[39m
[35m[HTTP][39m [90m[39m
[35m[HTTP][39m [37m-->[39m [37mPOST[39m [37m/wd/hub/session/00bf1e61-4520-474a-be65-115ec39013d6/appium/device/activate_app[39m
[35m[HTTP][39m [90m{"bundleId":"com.bankmega.msmiledev"}[39m
[35m[HTTP][39m [37m<-- POST /wd/hub/session/00bf1e61-4520-474a-be65-115ec39013d6/appium/device/activate_app [39m[32m200[39m [90m464 ms - 14[39m
[35m[HTTP][39m [90m[39m
[35m[HTTP][39m [37m-->[39m [37mGET[39m [37m/wd/hub/session/00bf1e61-4520-474a-be65-115ec39013d6/source[39m
[35m[HTTP][39m [90m{}[39m
[35m[W3C (00bf1e61)][39m Driver proxy active, passing request on via HTTP proxy
[35m[WD Proxy][39m Replacing sessionId 98d3b8db-fc6c-41a3-8d9f-9ad6e665cc06 with 00bf1e61-4520-474a-be65-115ec39013d6
[35m[HTTP][39m [37m<-- GET /wd/hub/session/00bf1e61-4520-474a-be65-115ec39013d6/source [39m[32m200[39m [90m870 ms - 69895[39m
[35m[HTTP][39m [90m[39m
[35m[HTTP][39m [37m-->[39m [37mGET[39m [37m/wd/hub/session/00bf1e61-4520-474a-be65-115ec39013d6/screenshot[39m
[35m[HTTP][39m [90m{}[39m
[35m[HTTP][39m [37m<-- GET /wd/hub/session/00bf1e61-4520-474a-be65-115ec39013d6/screenshot [39m[32m200[39m [90m697 ms - 1183606[39m
[35m[HTTP][39m [90m[39m
[35m[HTTP][39m [37m-->[39m [37mPOST[39m [37m/wd/hub/session/00bf1e61-4520-474a-be65-115ec39013d6/elements[39m
[35m[HTTP][39m [90m{"using":"xpath","value":"//*[@class = 'com.horcrux.svg.PathView' and (@text = '' or . = '')]"}[39m
[35m[HTTP][39m [37m<-- POST /wd/hub/session/00bf1e61-4520-474a-be65-115ec39013d6/elements [39m[32m200[39m [90m693 ms - 2059[39m
[35m[HTTP][39m [90m[39m
[35m[HTTP][39m [37m-->[39m [37mPOST[39m [37m/wd/hub/session/00bf1e61-4520-474a-be65-115ec39013d6/elements[39m
[35m[HTTP][39m [90m{"using":"-android uiautomator","value":"new UiSelector().className(\"com.horcrux.svg.PathView\")"}[39m
[35m[HTTP][39m [37m<-- POST /wd/hub/session/00bf1e61-4520-474a-be65-115ec39013d6/elements [39m[32m200[39m [90m225 ms - 2059[39m
[35m[HTTP][39m [90m[39m
[35m[HTTP][39m [37m-->[39m [37mGET[39m [37m/wd/hub/session/00bf1e61-4520-474a-be65-115ec39013d6/window/rect[39m
[35m[HTTP][39m [90m{}[39m
[35m[HTTP][39m [37m<-- GET /wd/hub/session/00bf1e61-4520-474a-be65-115ec39013d6/window/rect [39m[32m200[39m [90m11 ms - 50[39m
[35m[HTTP][39m [90m[39m
[35m[HTTP][39m [37m-->[39m [37mPOST[39m [37m/wd/hub/session/00bf1e61-4520-474a-be65-115ec39013d6/elements[39m
[35m[HTTP][39m [90m{"using":"xpath","value":"//hierarchy/android.widget.FrameLayout[1]/android.widget.LinearLayout[1]/android.widget.FrameLayout[1]/android.widget.LinearLayout[1]/android.widget.FrameLayout[1]/android.widget.FrameLayout[1]/android.view.ViewGroup[1]/android.view.ViewGroup[1]/android.view.ViewGroup[1]/android.view.ViewGroup[1]/android.view.ViewGroup[1]/android.view.ViewGroup[1]/android.widget.FrameLayout[1]/android.view.ViewGroup[1]/android.view.ViewGroup[1]/android.view.ViewGroup[1]/android.view.ViewGroup[1]/android.view.ViewGroup[1]/android.view.ViewGroup[2]/android.widget.Button[3]/com.horcrux.svg.SvgView[1]/com.horcrux.svg.GroupView[1]/com.horcrux.svg.GroupView[1]/com.horcrux.svg.PathView[1]"}[39m
[35m[HTTP][39m [37m<-- POST /wd/hub/session/00bf1e61-4520-474a-be65-115ec39013d6/elements [39m[32m200[39m [90m261 ms - 139[39m
[35m[HTTP][39m [90m[39m
[35m[HTTP][39m [37m-->[39m [37mGET[39m [37m/wd/hub/session/00bf1e61-4520-474a-be65-115ec39013d6/element/00000000-0000-0008-ffff-ffff00000032/location[39m
[35m[HTTP][39m [90m{}[39m
[35m[W3C (00bf1e61)][39m Driver proxy active, passing request on via HTTP proxy
[35m[WD Proxy][39m Replacing sessionId 98d3b8db-fc6c-41a3-8d9f-9ad6e665cc06 with 00bf1e61-4520-474a-be65-115ec39013d6
[35m[HTTP][39m [37m<-- GET /wd/hub/session/00bf1e61-4520-474a-be65-115ec39013d6/element/00000000-0000-0008-ffff-ffff00000032/location [39m[32m200[39m [90m17 ms - 79[39m
[35m[HTTP][39m [90m[39m
[35m[HTTP][39m [37m-->[39m [37mPOST[39m [37m/wd/hub/session/00bf1e61-4520-474a-be65-115ec39013d6/element/00000000-0000-0008-ffff-ffff00000032/click[39m
[35m[HTTP][39m [90m{"id":"00000000-0000-0008-ffff-ffff00000032"}[39m
[35m[HTTP][39m [37m<-- POST /wd/hub/session/00bf1e61-4520-474a-be65-115ec39013d6/element/00000000-0000-0008-ffff-ffff00000032/click [39m[32m200[39m [90m56 ms - 14[39m
[35m[HTTP][39m [90m[39m
[35m[HTTP][39m [37m-->[39m [37mGET[39m [37m/wd/hub/session/00bf1e61-4520-474a-be65-115ec39013d6/source[39m
[35m[HTTP][39m [90m{}[39m
[35m[W3C (00bf1e61)][39m Driver proxy active, passing request on via HTTP proxy
[35m[WD Proxy][39m Replacing sessionId 98d3b8db-fc6c-41a3-8d9f-9ad6e665cc06 with 00bf1e61-4520-474a-be65-115ec39013d6
[35m[HTTP][39m [37m<-- GET /wd/hub/session/00bf1e61-4520-474a-be65-115ec39013d6/source [39m[32m200[39m [90m253 ms - 69895[39m
[35m[HTTP][39m [90m[39m
[35m[HTTP][39m [37m-->[39m [37mGET[39m [37m/wd/hub/session/00bf1e61-4520-474a-be65-115ec39013d6/screenshot[39m
[35m[HTTP][39m [90m{}[39m
[35m[HTTP][39m [37m<-- GET /wd/hub/session/00bf1e61-4520-474a-be65-115ec39013d6/screenshot [39m[32m200[39m [90m683 ms - 1184028[39m
[35m[HTTP][39m [90m[39m
[35m[HTTP][39m [37m-->[39m [37mGET[39m [37m/wd/hub/session/00bf1e61-4520-474a-be65-115ec39013d6/source[39m
[35m[HTTP][39m [90m{}[39m
[35m[W3C (00bf1e61)][39m Driver proxy active, passing request on via HTTP proxy
[35m[WD Proxy][39m Replacing sessionId 98d3b8db-fc6c-41a3-8d9f-9ad6e665cc06 with 00bf1e61-4520-474a-be65-115ec39013d6
[35m[HTTP][39m [37m<-- GET /wd/hub/session/00bf1e61-4520-474a-be65-115ec39013d6/source [39m[32m200[39m [90m83 ms - 20734[39m
[35m[HTTP][39m [90m[39m
[35m[HTTP][39m [37m-->[39m [37mGET[39m [37m/wd/hub/session/00bf1e61-4520-474a-be65-115ec39013d6/screenshot[39m
[35m[HTTP][39m [90m{}[39m
[35m[HTTP][39m [37m<-- GET /wd/hub/session/00bf1e61-4520-474a-be65-115ec39013d6/screenshot [39m[32m200[39m [90m846 ms - 1303388[39m
[35m[HTTP][39m [90m[39m
[35m[HTTP][39m [37m-->[39m [37mPOST[39m [37m/wd/hub/session/00bf1e61-4520-474a-be65-115ec39013d6/timeouts[39m
[35m[HTTP][39m [90m{"implicit":1000}[39m
[35m[HTTP][39m [37m<-- POST /wd/hub/session/00bf1e61-4520-474a-be65-115ec39013d6/timeouts [39m[32m200[39m [90m1 ms - 14[39m
[35m[HTTP][39m [90m[39m
[35m[HTTP][39m [37m-->[39m [37mPOST[39m [37m/wd/hub/session/00bf1e61-4520-474a-be65-115ec39013d6/elements[39m
[35m[HTTP][39m [90m{"using":"xpath","value":"//hierarchy/android.widget.FrameLayout[1]/android.widget.LinearLayout[1]/android.widget.FrameLayout[1]/android.widget.LinearLayout[1]/android.widget.FrameLayout[1]/android.widget.FrameLayout[1]/android.view.ViewGroup[1]/android.view.ViewGroup[1]/android.view.ViewGroup[1]/android.view.ViewGroup[1]/android.view.ViewGroup[1]/android.view.ViewGroup[1]/android.widget.FrameLayout[1]/android.view.ViewGroup[1]/android.view.ViewGroup[1]/android.view.ViewGroup[1]/android.view.ViewGroup[1]/android.view.ViewGroup[1]/android.view.ViewGroup[2]/android.widget.Button[3]/com.horcrux.svg.SvgView[1]/com.horcrux.svg.GroupView[1]/com.horcrux.svg.GroupView[1]/com.horcrux.svg.PathView[1]"}[39m
[35m[HTTP][39m [37m<-- POST /wd/hub/session/00bf1e61-4520-474a-be65-115ec39013d6/elements [39m[32m200[39m [90m1108 ms - 12[39m
[35m[HTTP][39m [90m[39m
[35m[HTTP][39m [37m-->[39m [37mPOST[39m [37m/wd/hub/session/00bf1e61-4520-474a-be65-115ec39013d6/elements[39m
[35m[HTTP][39m [90m{"using":"xpath","value":"//*[@class = 'com.horcrux.svg.CircleView' and (@text = '' or . = '')]"}[39m
[35m[HTTP][39m [37m<-- POST /wd/hub/session/00bf1e61-4520-474a-be65-115ec39013d6/elements [39m[32m200[39m [90m219 ms - 139[39m
[35m[HTTP][39m [90m[39m
[35m[HTTP][39m [37m-->[39m [37mGET[39m [37m/wd/hub/session/00bf1e61-4520-474a-be65-115ec39013d6/window/rect[39m
[35m[HTTP][39m [90m{}[39m
[35m[HTTP][39m [37m<-- GET /wd/hub/session/00bf1e61-4520-474a-be65-115ec39013d6/window/rect [39m[32m200[39m [90m11 ms - 50[39m
[35m[HTTP][39m [90m[39m
[35m[HTTP][39m [37m-->[39m [37mPOST[39m [37m/wd/hub/session/00bf1e61-4520-474a-be65-115ec39013d6/elements[39m
[35m[HTTP][39m [90m{"using":"xpath","value":"//*[@class = 'com.horcrux.svg.CircleView' and (@text = '' or . = '')]"}[39m
[35m[HTTP][39m [37m<-- POST /wd/hub/session/00bf1e61-4520-474a-be65-115ec39013d6/elements [39m[32m200[39m [90m232 ms - 139[39m
[35m[HTTP][39m [90m[39m
[35m[HTTP][39m [37m-->[39m [37mGET[39m [37m/wd/hub/session/00bf1e61-4520-474a-be65-115ec39013d6/element/00000000-0000-0008-ffff-ffff0000015d/location[39m
[35m[HTTP][39m [90m{}[39m
[35m[W3C (00bf1e61)][39m Driver proxy active, passing request on via HTTP proxy
[35m[WD Proxy][39m Replacing sessionId 98d3b8db-fc6c-41a3-8d9f-9ad6e665cc06 with 00bf1e61-4520-474a-be65-115ec39013d6
[35m[HTTP][39m [37m<-- GET /wd/hub/session/00bf1e61-4520-474a-be65-115ec39013d6/element/00000000-0000-0008-ffff-ffff0000015d/location [39m[32m200[39m [90m31 ms - 79[39m
[35m[HTTP][39m [90m[39m
[35m[HTTP][39m [37m-->[39m [37mPOST[39m [37m/wd/hub/session/00bf1e61-4520-474a-be65-115ec39013d6/element/00000000-0000-0008-ffff-ffff0000015d/click[39m
[35m[HTTP][39m [90m{"id":"00000000-0000-0008-ffff-ffff0000015d"}[39m
[35m[HTTP][39m [37m<-- POST /wd/hub/session/00bf1e61-4520-474a-be65-115ec39013d6/element/00000000-0000-0008-ffff-ffff0000015d/click [39m[32m200[39m [90m86 ms - 14[39m
[35m[HTTP][39m [90m[39m
[35m[HTTP][39m [37m-->[39m [37mGET[39m [37m/wd/hub/session/00bf1e61-4520-474a-be65-115ec39013d6/source[39m
[35m[HTTP][39m [90m{}[39m
[35m[W3C (00bf1e61)][39m Driver proxy active, passing request on via HTTP proxy
[35m[WD Proxy][39m Replacing sessionId 98d3b8db-fc6c-41a3-8d9f-9ad6e665cc06 with 00bf1e61-4520-474a-be65-115ec39013d6
[35m[HTTP][39m [37m<-- GET /wd/hub/session/00bf1e61-4520-474a-be65-115ec39013d6/source [39m[32m200[39m [90m88 ms - 20734[39m
[35m[HTTP][39m [90m[39m
[35m[HTTP][39m [37m-->[39m [37mGET[39m [37m/wd/hub/session/00bf1e61-4520-474a-be65-115ec39013d6/screenshot[39m
[35m[HTTP][39m [90m{}[39m
[35m[HTTP][39m [37m<-- GET /wd/hub/session/00bf1e61-4520-474a-be65-115ec39013d6/screenshot [39m[32m200[39m [90m806 ms - 1303352[39m
[35m[HTTP][39m [90m[39m
[35m[HTTP][39m [37m-->[39m [37mPOST[39m [37m/wd/hub/session/00bf1e61-4520-474a-be65-115ec39013d6/elements[39m
[35m[HTTP][39m [90m{"using":"xpath","value":"//*[@class = 'com.horcrux.svg.CircleView' and (@text = '' or . = '')]"}[39m
[35m[HTTP][39m [37m<-- POST /wd/hub/session/00bf1e61-4520-474a-be65-115ec39013d6/elements [39m[32m200[39m [90m120 ms - 139[39m
[35m[HTTP][39m [90m[39m
[35m[HTTP][39m [37m-->[39m [37mGET[39m [37m/wd/hub/session/00bf1e61-4520-474a-be65-115ec39013d6/window/rect[39m
[35m[HTTP][39m [90m{}[39m
[35m[HTTP][39m [37m<-- GET /wd/hub/session/00bf1e61-4520-474a-be65-115ec39013d6/window/rect [39m[32m200[39m [90m10 ms - 50[39m
[35m[HTTP][39m [90m[39m
[35m[HTTP][39m [37m-->[39m [37mPOST[39m [37m/wd/hub/session/00bf1e61-4520-474a-be65-115ec39013d6/elements[39m
[35m[HTTP][39m [90m{"using":"xpath","value":"//*[@class = 'com.horcrux.svg.CircleView' and (@text = '' or . = '')]"}[39m
[35m[HTTP][39m [37m<-- POST /wd/hub/session/00bf1e61-4520-474a-be65-115ec39013d6/elements [39m[32m200[39m [90m116 ms - 139[39m
[35m[HTTP][39m [90m[39m
[35m[HTTP][39m [37m-->[39m [37mGET[39m [37m/wd/hub/session/00bf1e61-4520-474a-be65-115ec39013d6/element/00000000-0000-0008-ffff-ffff0000015d/location[39m
[35m[HTTP][39m [90m{}[39m
[35m[W3C (00bf1e61)][39m Driver proxy active, passing request on via HTTP proxy
[35m[WD Proxy][39m Replacing sessionId 98d3b8db-fc6c-41a3-8d9f-9ad6e665cc06 with 00bf1e61-4520-474a-be65-115ec39013d6
[35m[HTTP][39m [37m<-- GET /wd/hub/session/00bf1e61-4520-474a-be65-115ec39013d6/element/00000000-0000-0008-ffff-ffff0000015d/location [39m[32m200[39m [90m18 ms - 79[39m
[35m[HTTP][39m [90m[39m
[35m[HTTP][39m [37m-->[39m [37mPOST[39m [37m/wd/hub/session/00bf1e61-4520-474a-be65-115ec39013d6/element/00000000-0000-0008-ffff-ffff0000015d/click[39m
[35m[HTTP][39m [90m{"id":"00000000-0000-0008-ffff-ffff0000015d"}[39m
[35m[HTTP][39m [37m<-- POST /wd/hub/session/00bf1e61-4520-474a-be65-115ec39013d6/element/00000000-0000-0008-ffff-ffff0000015d/click [39m[32m200[39m [90m68 ms - 14[39m
[35m[HTTP][39m [90m[39m
[35m[HTTP][39m [37m-->[39m [37mGET[39m [37m/wd/hub/session/00bf1e61-4520-474a-be65-115ec39013d6/source[39m
[35m[HTTP][39m [90m{}[39m
[35m[W3C (00bf1e61)][39m Driver proxy active, passing request on via HTTP proxy
[35m[WD Proxy][39m Replacing sessionId 98d3b8db-fc6c-41a3-8d9f-9ad6e665cc06 with 00bf1e61-4520-474a-be65-115ec39013d6
[35m[HTTP][39m [37m<-- GET /wd/hub/session/00bf1e61-4520-474a-be65-115ec39013d6/source [39m[32m200[39m [90m167 ms - 20734[39m
[35m[HTTP][39m [90m[39m
[35m[HTTP][39m [37m-->[39m [37mGET[39m [37m/wd/hub/session/00bf1e61-4520-474a-be65-115ec39013d6/screenshot[39m
[35m[HTTP][39m [90m{}[39m
[35m[HTTP][39m [37m<-- GET /wd/hub/session/00bf1e61-4520-474a-be65-115ec39013d6/screenshot [39m[32m200[39m [90m879 ms - 1303352[39m
[35m[HTTP][39m [90m[39m
[35m[HTTP][39m [37m-->[39m [37mPOST[39m [37m/wd/hub/session/00bf1e61-4520-474a-be65-115ec39013d6/elements[39m
[35m[HTTP][39m [90m{"using":"xpath","value":"//*[@class = 'com.horcrux.svg.PathView' and (@text = '' or . = '')]"}[39m
[35m[HTTP][39m [37m<-- POST /wd/hub/session/00bf1e61-4520-474a-be65-115ec39013d6/elements [39m[32m200[39m [90m220 ms - 267[39m
[35m[HTTP][39m [90m[39m
[35m[HTTP][39m [37m-->[39m [37mPOST[39m [37m/wd/hub/session/00bf1e61-4520-474a-be65-115ec39013d6/elements[39m
[35m[HTTP][39m [90m{"using":"-android uiautomator","value":"new UiSelector().className(\"com.horcrux.svg.PathView\")"}[39m
[35m[HTTP][39m [37m<-- POST /wd/hub/session/00bf1e61-4520-474a-be65-115ec39013d6/elements [39m[32m200[39m [90m91 ms - 267[39m
[35m[HTTP][39m [90m[39m
[35m[HTTP][39m [37m-->[39m [37mGET[39m [37m/wd/hub/session/00bf1e61-4520-474a-be65-115ec39013d6/window/rect[39m
[35m[HTTP][39m [90m{}[39m
[35m[HTTP][39m [37m<-- GET /wd/hub/session/00bf1e61-4520-474a-be65-115ec39013d6/window/rect [39m[32m200[39m [90m8 ms - 50[39m
[35m[HTTP][39m [90m[39m
[35m[HTTP][39m [37m-->[39m [37mPOST[39m [37m/wd/hub/session/00bf1e61-4520-474a-be65-115ec39013d6/elements[39m
[35m[HTTP][39m [90m{"using":"xpath","value":"//hierarchy/android.widget.FrameLayout[1]/android.widget.LinearLayout[1]/android.widget.FrameLayout[1]/android.widget.LinearLayout[1]/android.widget.FrameLayout[1]/android.widget.FrameLayout[1]/android.view.ViewGroup[1]/android.view.ViewGroup[1]/android.view.ViewGroup[1]/android.view.ViewGroup[1]/android.view.ViewGroup[1]/android.view.ViewGroup[1]/android.widget.FrameLayout[1]/android.view.ViewGroup[1]/android.view.ViewGroup[1]/android.view.ViewGroup[1]/android.view.ViewGroup[1]/android.view.ViewGroup[1]/android.view.ViewGroup[1]/android.view.ViewGroup[2]/android.view.ViewGroup[1]/android.view.ViewGroup[1]/android.view.ViewGroup[2]/com.horcrux.svg.SvgView[1]/com.horcrux.svg.GroupView[1]/com.horcrux.svg.PathView[1]"}[39m
[35m[HTTP][39m [37m<-- POST /wd/hub/session/00bf1e61-4520-474a-be65-115ec39013d6/elements [39m[32m200[39m [90m84 ms - 139[39m
[35m[HTTP][39m [90m[39m
[35m[HTTP][39m [37m-->[39m [37mGET[39m [37m/wd/hub/session/00bf1e61-4520-474a-be65-115ec39013d6/element/00000000-0000-0008-ffff-ffff0000015e/location[39m
[35m[HTTP][39m [90m{}[39m
[35m[W3C (00bf1e61)][39m Driver proxy active, passing request on via HTTP proxy
[35m[WD Proxy][39m Replacing sessionId 98d3b8db-fc6c-41a3-8d9f-9ad6e665cc06 with 00bf1e61-4520-474a-be65-115ec39013d6
[35m[HTTP][39m [37m<-- GET /wd/hub/session/00bf1e61-4520-474a-be65-115ec39013d6/element/00000000-0000-0008-ffff-ffff0000015e/location [39m[32m200[39m [90m16 ms - 79[39m
[35m[HTTP][39m [90m[39m
[35m[HTTP][39m [37m-->[39m [37mPOST[39m [37m/wd/hub/session/00bf1e61-4520-474a-be65-115ec39013d6/element/00000000-0000-0008-ffff-ffff0000015e/click[39m
[35m[HTTP][39m [90m{"id":"00000000-0000-0008-ffff-ffff0000015e"}[39m
[35m[HTTP][39m [37m<-- POST /wd/hub/session/00bf1e61-4520-474a-be65-115ec39013d6/element/00000000-0000-0008-ffff-ffff0000015e/click [39m[32m200[39m [90m72 ms - 14[39m
[35m[HTTP][39m [90m[39m
[35m[HTTP][39m [37m-->[39m [37mGET[39m [37m/wd/hub/session/00bf1e61-4520-474a-be65-115ec39013d6/source[39m
[35m[HTTP][39m [90m{}[39m
[35m[W3C (00bf1e61)][39m Driver proxy active, passing request on via HTTP proxy
[35m[WD Proxy][39m Replacing sessionId 98d3b8db-fc6c-41a3-8d9f-9ad6e665cc06 with 00bf1e61-4520-474a-be65-115ec39013d6
[35m[HTTP][39m [37m<-- GET /wd/hub/session/00bf1e61-4520-474a-be65-115ec39013d6/source [39m[32m200[39m [90m81 ms - 20734[39m
[35m[HTTP][39m [90m[39m
[35m[HTTP][39m [37m-->[39m [37mGET[39m [37m/wd/hub/session/00bf1e61-4520-474a-be65-115ec39013d6/screenshot[39m
[35m[HTTP][39m [90m{}[39m
[35m[HTTP][39m [37m<-- GET /wd/hub/session/00bf1e61-4520-474a-be65-115ec39013d6/screenshot [39m[32m200[39m [90m825 ms - 1303236[39m
[35m[HTTP][39m [90m[39m
[35m[HTTP][39m [37m-->[39m [37mPOST[39m [37m/wd/hub/session/00bf1e61-4520-474a-be65-115ec39013d6/elements[39m
[35m[HTTP][39m [90m{"using":"xpath","value":"//*[@class = 'com.horcrux.svg.CircleView' and (@text = '' or . = '')]"}[39m
[35m[HTTP][39m [37m<-- POST /wd/hub/session/00bf1e61-4520-474a-be65-115ec39013d6/elements [39m[32m200[39m [90m339 ms - 139[39m
[35m[HTTP][39m [90m[39m
[35m[HTTP][39m [37m-->[39m [37mGET[39m [37m/wd/hub/session/00bf1e61-4520-474a-be65-115ec39013d6/window/rect[39m
[35m[HTTP][39m [90m{}[39m
[35m[HTTP][39m [37m<-- GET /wd/hub/session/00bf1e61-4520-474a-be65-115ec39013d6/window/rect [39m[32m200[39m [90m7 ms - 50[39m
[35m[HTTP][39m [90m[39m
[35m[HTTP][39m [37m-->[39m [37mPOST[39m [37m/wd/hub/session/00bf1e61-4520-474a-be65-115ec39013d6/elements[39m
[35m[HTTP][39m [90m{"using":"xpath","value":"//*[@class = 'com.horcrux.svg.CircleView' and (@text = '' or . = '')]"}[39m
[35m[HTTP][39m [37m<-- POST /wd/hub/session/00bf1e61-4520-474a-be65-115ec39013d6/elements [39m[32m200[39m [90m109 ms - 139[39m
[35m[HTTP][39m [90m[39m
[35m[HTTP][39m [37m-->[39m [37mGET[39m [37m/wd/hub/session/00bf1e61-4520-474a-be65-115ec39013d6/element/00000000-0000-0008-ffff-ffff0000015d/location[39m
[35m[HTTP][39m [90m{}[39m
[35m[W3C (00bf1e61)][39m Driver proxy active, passing request on via HTTP proxy
[35m[WD Proxy][39m Replacing sessionId 98d3b8db-fc6c-41a3-8d9f-9ad6e665cc06 with 00bf1e61-4520-474a-be65-115ec39013d6
[35m[HTTP][39m [37m<-- GET /wd/hub/session/00bf1e61-4520-474a-be65-115ec39013d6/element/00000000-0000-0008-ffff-ffff0000015d/location [39m[32m200[39m [90m16 ms - 79[39m
[35m[HTTP][39m [90m[39m
[35m[HTTP][39m [37m-->[39m [37mPOST[39m [37m/wd/hub/session/00bf1e61-4520-474a-be65-115ec39013d6/element/00000000-0000-0008-ffff-ffff0000015d/click[39m
[35m[HTTP][39m [90m{"id":"00000000-0000-0008-ffff-ffff0000015d"}[39m
[35m[HTTP][39m [37m<-- POST /wd/hub/session/00bf1e61-4520-474a-be65-115ec39013d6/element/00000000-0000-0008-ffff-ffff0000015d/click [39m[32m200[39m [90m61 ms - 14[39m
[35m[HTTP][39m [90m[39m
[35m[HTTP][39m [37m-->[39m [37mGET[39m [37m/wd/hub/session/00bf1e61-4520-474a-be65-115ec39013d6/source[39m
[35m[HTTP][39m [90m{}[39m
[35m[W3C (00bf1e61)][39m Driver proxy active, passing request on via HTTP proxy
[35m[WD Proxy][39m Replacing sessionId 98d3b8db-fc6c-41a3-8d9f-9ad6e665cc06 with 00bf1e61-4520-474a-be65-115ec39013d6
[35m[HTTP][39m [37m<-- GET /wd/hub/session/00bf1e61-4520-474a-be65-115ec39013d6/source [39m[32m200[39m [90m75 ms - 20734[39m
[35m[HTTP][39m [90m[39m
[35m[HTTP][39m [37m-->[39m [37mGET[39m [37m/wd/hub/session/00bf1e61-4520-474a-be65-115ec39013d6/screenshot[39m
[35m[HTTP][39m [90m{}[39m
[35m[HTTP][39m [37m<-- GET /wd/hub/session/00bf1e61-4520-474a-be65-115ec39013d6/screenshot [39m[32m200[39m [90m839 ms - 1303684[39m
[35m[HTTP][39m [90m[39m
[35m[HTTP][39m [37m-->[39m [37mGET[39m [37m/wd/hub/session/00bf1e61-4520-474a-be65-115ec39013d6/context[39m
[35m[HTTP][39m [90m{}[39m
[35m[HTTP][39m [37m<-- GET /wd/hub/session/00bf1e61-4520-474a-be65-115ec39013d6/context [39m[32m200[39m [90m1 ms - 22[39m
[35m[HTTP][39m [90m[39m
[35m[HTTP][39m [37m-->[39m [37mGET[39m [37m/wd/hub/session/00bf1e61-4520-474a-be65-115ec39013d6/contexts[39m
[35m[HTTP][39m [90m{}[39m
[35m[AndroidDriver][39m Skipping the webview 'WEBVIEW_6970' at '@webview_devtools_remote_6970' since it has reported having zero pages
[35m[HTTP][39m [37m<-- GET /wd/hub/session/00bf1e61-4520-474a-be65-115ec39013d6/contexts [39m[32m200[39m [90m2174 ms - 55[39m
[35m[HTTP][39m [90m[39m
[35m[HTTP][39m [37m-->[39m [37mPOST[39m [37m/wd/hub/session/00bf1e61-4520-474a-be65-115ec39013d6/context[39m
[35m[HTTP][39m [90m{"name":"NATIVE_APP"}[39m
[35m[HTTP][39m [37m<-- POST /wd/hub/session/00bf1e61-4520-474a-be65-115ec39013d6/context [39m[32m200[39m [90m1 ms - 14[39m
[35m[HTTP][39m [90m[39m
[35m[HTTP][39m [37m-->[39m [37mPOST[39m [37m/wd/hub/session/00bf1e61-4520-474a-be65-115ec39013d6/touch/perform[39m
[35m[HTTP][39m [90m{"actions":[{"action":"press","options":{"x":500,"y":900}},{"action":"wait","options":{"ms":500}},{"action":"moveTo","options":{"x":900,"y":9000}},{"action":"release","options":{}}]}[39m
[35m[HTTP][39m [37m<-- POST /wd/hub/session/00bf1e61-4520-474a-be65-115ec39013d6/touch/perform [39m[32m200[39m [90m1167 ms - 14[39m
[35m[HTTP][39m [90m[39m
[35m[HTTP][39m [37m-->[39m [37mPOST[39m [37m/wd/hub/session/00bf1e61-4520-474a-be65-115ec39013d6/context[39m
[35m[HTTP][39m [90m{"name":"NATIVE_APP"}[39m
[35m[HTTP][39m [37m<-- POST /wd/hub/session/00bf1e61-4520-474a-be65-115ec39013d6/context [39m[32m200[39m [90m2 ms - 14[39m
[35m[HTTP][39m [90m[39m
[35m[HTTP][39m [37m-->[39m [37mGET[39m [37m/wd/hub/session/00bf1e61-4520-474a-be65-115ec39013d6/source[39m
[35m[HTTP][39m [90m{}[39m
[35m[W3C (00bf1e61)][39m Driver proxy active, passing request on via HTTP proxy
[35m[WD Proxy][39m Replacing sessionId 98d3b8db-fc6c-41a3-8d9f-9ad6e665cc06 with 00bf1e61-4520-474a-be65-115ec39013d6
[35m[HTTP][39m [37m<-- GET /wd/hub/session/00bf1e61-4520-474a-be65-115ec39013d6/source [39m[32m200[39m [90m90 ms - 20734[39m
[35m[HTTP][39m [90m[39m
[35m[HTTP][39m [37m-->[39m [37mGET[39m [37m/wd/hub/session/00bf1e61-4520-474a-be65-115ec39013d6/screenshot[39m
[35m[HTTP][39m [90m{}[39m
[35m[HTTP][39m [37m<-- GET /wd/hub/session/00bf1e61-4520-474a-be65-115ec39013d6/screenshot [39m[32m200[39m [90m981 ms - 1302978[39m
[35m[HTTP][39m [90m[39m
[35m[HTTP][39m [37m-->[39m [37mGET[39m [37m/wd/hub/session/00bf1e61-4520-474a-be65-115ec39013d6/context[39m
[35m[HTTP][39m [90m{}[39m
[35m[HTTP][39m [37m<-- GET /wd/hub/session/00bf1e61-4520-474a-be65-115ec39013d6/context [39m[32m200[39m [90m1 ms - 22[39m
[35m[HTTP][39m [90m[39m
[35m[HTTP][39m [37m-->[39m [37mGET[39m [37m/wd/hub/session/00bf1e61-4520-474a-be65-115ec39013d6/contexts[39m
[35m[HTTP][39m [90m{}[39m
[35m[AndroidDriver][39m Skipping the webview 'WEBVIEW_6970' at '@webview_devtools_remote_6970' since it has reported having zero pages
[35m[HTTP][39m [37m<-- GET /wd/hub/session/00bf1e61-4520-474a-be65-115ec39013d6/contexts [39m[32m200[39m [90m1755 ms - 55[39m
[35m[HTTP][39m [90m[39m
[35m[HTTP][39m [37m-->[39m [37mPOST[39m [37m/wd/hub/session/00bf1e61-4520-474a-be65-115ec39013d6/context[39m
[35m[HTTP][39m [90m{"name":"NATIVE_APP"}[39m
[35m[HTTP][39m [37m<-- POST /wd/hub/session/00bf1e61-4520-474a-be65-115ec39013d6/context [39m[32m200[39m [90m1 ms - 14[39m
[35m[HTTP][39m [90m[39m
[35m[HTTP][39m [37m-->[39m [37mPOST[39m [37m/wd/hub/session/00bf1e61-4520-474a-be65-115ec39013d6/touch/perform[39m
[35m[HTTP][39m [90m{"actions":[{"action":"press","options":{"x":500,"y":1000}},{"action":"wait","options":{"ms":500}},{"action":"moveTo","options":{"x":1000,"y":1000}},{"action":"release","options":{}}]}[39m
[35m[HTTP][39m [37m<-- POST /wd/hub/session/00bf1e61-4520-474a-be65-115ec39013d6/touch/perform [39m[32m200[39m [90m1148 ms - 14[39m
[35m[HTTP][39m [90m[39m
[35m[HTTP][39m [37m-->[39m [37mPOST[39m [37m/wd/hub/session/00bf1e61-4520-474a-be65-115ec39013d6/context[39m
[35m[HTTP][39m [90m{"name":"NATIVE_APP"}[39m
[35m[HTTP][39m [37m<-- POST /wd/hub/session/00bf1e61-4520-474a-be65-115ec39013d6/context [39m[32m200[39m [90m2 ms - 14[39m
[35m[HTTP][39m [90m[39m
[35m[HTTP][39m [37m-->[39m [37mGET[39m [37m/wd/hub/session/00bf1e61-4520-474a-be65-115ec39013d6/source[39m
[35m[HTTP][39m [90m{}[39m
[35m[W3C (00bf1e61)][39m Driver proxy active, passing request on via HTTP proxy
[35m[WD Proxy][39m Replacing sessionId 98d3b8db-fc6c-41a3-8d9f-9ad6e665cc06 with 00bf1e61-4520-474a-be65-115ec39013d6
[35m[HTTP][39m [37m<-- GET /wd/hub/session/00bf1e61-4520-474a-be65-115ec39013d6/source [39m[32m200[39m [90m78 ms - 20734[39m
[35m[HTTP][39m [90m[39m
[35m[HTTP][39m [37m-->[39m [37mGET[39m [37m/wd/hub/session/00bf1e61-4520-474a-be65-115ec39013d6/screenshot[39m
[35m[HTTP][39m [90m{}[39m
[35m[HTTP][39m [37m<-- GET /wd/hub/session/00bf1e61-4520-474a-be65-115ec39013d6/screenshot [39m[32m200[39m [90m821 ms - 1303060[39m
[35m[HTTP][39m [90m[39m
[35m[HTTP][39m [37m-->[39m [37mGET[39m [37m/wd/hub/session/00bf1e61-4520-474a-be65-115ec39013d6/context[39m
[35m[HTTP][39m [90m{}[39m
[35m[HTTP][39m [37m<-- GET /wd/hub/session/00bf1e61-4520-474a-be65-115ec39013d6/context [39m[32m200[39m [90m1 ms - 22[39m
[35m[HTTP][39m [90m[39m
[35m[HTTP][39m [37m-->[39m [37mGET[39m [37m/wd/hub/session/00bf1e61-4520-474a-be65-115ec39013d6/contexts[39m
[35m[HTTP][39m [90m{}[39m
[35m[AndroidDriver][39m Skipping the webview 'WEBVIEW_6970' at '@webview_devtools_remote_6970' since it has reported having zero pages
[35m[HTTP][39m [37m<-- GET /wd/hub/session/00bf1e61-4520-474a-be65-115ec39013d6/contexts [39m[32m200[39m [90m1738 ms - 55[39m
[35m[HTTP][39m [90m[39m
[35m[HTTP][39m [37m-->[39m [37mPOST[39m [37m/wd/hub/session/00bf1e61-4520-474a-be65-115ec39013d6/context[39m
[35m[HTTP][39m [90m{"name":"NATIVE_APP"}[39m
[35m[HTTP][39m [37m<-- POST /wd/hub/session/00bf1e61-4520-474a-be65-115ec39013d6/context [39m[32m200[39m [90m2 ms - 14[39m
[35m[HTTP][39m [90m[39m
[35m[HTTP][39m [37m-->[39m [37mPOST[39m [37m/wd/hub/session/00bf1e61-4520-474a-be65-115ec39013d6/touch/perform[39m
[35m[HTTP][39m [90m{"actions":[{"action":"press","options":{"x":1000,"y":500}},{"action":"wait","options":{"ms":500}},{"action":"moveTo","options":{"x":1000,"y":1000}},{"action":"release","options":{}}]}[39m
[35m[HTTP][39m [37m<-- POST /wd/hub/session/00bf1e61-4520-474a-be65-115ec39013d6/touch/perform [39m[32m200[39m [90m1153 ms - 14[39m
[35m[HTTP][39m [90m[39m
[35m[HTTP][39m [37m-->[39m [37mPOST[39m [37m/wd/hub/session/00bf1e61-4520-474a-be65-115ec39013d6/context[39m
[35m[HTTP][39m [90m{"name":"NATIVE_APP"}[39m
[35m[HTTP][39m [37m<-- POST /wd/hub/session/00bf1e61-4520-474a-be65-115ec39013d6/context [39m[32m200[39m [90m1 ms - 14[39m
[35m[HTTP][39m [90m[39m
[35m[HTTP][39m [37m-->[39m [37mGET[39m [37m/wd/hub/session/00bf1e61-4520-474a-be65-115ec39013d6/source[39m
[35m[HTTP][39m [90m{}[39m
[35m[W3C (00bf1e61)][39m Driver proxy active, passing request on via HTTP proxy
[35m[WD Proxy][39m Replacing sessionId 98d3b8db-fc6c-41a3-8d9f-9ad6e665cc06 with 00bf1e61-4520-474a-be65-115ec39013d6
[35m[HTTP][39m [37m<-- GET /wd/hub/session/00bf1e61-4520-474a-be65-115ec39013d6/source [39m[32m200[39m [90m62 ms - 20734[39m
[35m[HTTP][39m [90m[39m
[35m[HTTP][39m [37m-->[39m [37mGET[39m [37m/wd/hub/session/00bf1e61-4520-474a-be65-115ec39013d6/screenshot[39m
[35m[HTTP][39m [90m{}[39m
[35m[HTTP][39m [37m<-- GET /wd/hub/session/00bf1e61-4520-474a-be65-115ec39013d6/screenshot [39m[32m200[39m [90m814 ms - 1302544[39m
[35m[HTTP][39m [90m[39m
[35m[HTTP][39m [37m-->[39m [37mGET[39m [37m/wd/hub/session/00bf1e61-4520-474a-be65-115ec39013d6/context[39m
[35m[HTTP][39m [90m{}[39m
[35m[HTTP][39m [37m<-- GET /wd/hub/session/00bf1e61-4520-474a-be65-115ec39013d6/context [39m[32m200[39m [90m1 ms - 22[39m
[35m[HTTP][39m [90m[39m
[35m[HTTP][39m [37m-->[39m [37mGET[39m [37m/wd/hub/session/00bf1e61-4520-474a-be65-115ec39013d6/contexts[39m
[35m[HTTP][39m [90m{}[39m
[35m[AndroidDriver][39m Skipping the webview 'WEBVIEW_6970' at '@webview_devtools_remote_6970' since it has reported having zero pages
[35m[HTTP][39m [37m<-- GET /wd/hub/session/00bf1e61-4520-474a-be65-115ec39013d6/contexts [39m[32m200[39m [90m1704 ms - 55[39m
[35m[HTTP][39m [90m[39m
[35m[HTTP][39m [37m-->[39m [37mPOST[39m [37m/wd/hub/session/00bf1e61-4520-474a-be65-115ec39013d6/context[39m
[35m[HTTP][39m [90m{"name":"NATIVE_APP"}[39m
[35m[HTTP][39m [37m<-- POST /wd/hub/session/00bf1e61-4520-474a-be65-115ec39013d6/context [39m[32m200[39m [90m1 ms - 14[39m
[35m[HTTP][39m [90m[39m
[35m[HTTP][39m [37m-->[39m [37mPOST[39m [37m/wd/hub/session/00bf1e61-4520-474a-be65-115ec39013d6/touch/perform[39m
[35m[HTTP][39m [90m{"actions":[{"action":"press","options":{"x":500,"y":2000}},{"action":"wait","options":{"ms":500}},{"action":"moveTo","options":{"x":2000,"y":2000}},{"action":"release","options":{}}]}[39m
[35m[HTTP][39m [37m<-- POST /wd/hub/session/00bf1e61-4520-474a-be65-115ec39013d6/touch/perform [39m[32m200[39m [90m1169 ms - 14[39m
[35m[HTTP][39m [90m[39m
[35m[HTTP][39m [37m-->[39m [37mPOST[39m [37m/wd/hub/session/00bf1e61-4520-474a-be65-115ec39013d6/context[39m
[35m[HTTP][39m [90m{"name":"NATIVE_APP"}[39m
[35m[HTTP][39m [37m<-- POST /wd/hub/session/00bf1e61-4520-474a-be65-115ec39013d6/context [39m[32m200[39m [90m2 ms - 14[39m
[35m[HTTP][39m [90m[39m
[35m[HTTP][39m [37m-->[39m [37mGET[39m [37m/wd/hub/session/00bf1e61-4520-474a-be65-115ec39013d6/source[39m
[35m[HTTP][39m [90m{}[39m
[35m[W3C (00bf1e61)][39m Driver proxy active, passing request on via HTTP proxy
[35m[WD Proxy][39m Replacing sessionId 98d3b8db-fc6c-41a3-8d9f-9ad6e665cc06 with 00bf1e61-4520-474a-be65-115ec39013d6
[35m[HTTP][39m [37m<-- GET /wd/hub/session/00bf1e61-4520-474a-be65-115ec39013d6/source [39m[32m200[39m [90m95 ms - 20734[39m
[35m[HTTP][39m [90m[39m
[35m[HTTP][39m [37m-->[39m [37mGET[39m [37m/wd/hub/session/00bf1e61-4520-474a-be65-115ec39013d6/screenshot[39m
[35m[HTTP][39m [90m{}[39m
[35m[HTTP][39m [37m<-- GET /wd/hub/session/00bf1e61-4520-474a-be65-115ec39013d6/screenshot [39m[32m200[39m [90m814 ms - 1302116[39m
[35m[HTTP][39m [90m[39m
[35m[HTTP][39m [37m-->[39m [37mPOST[39m [37m/wd/hub/session/00bf1e61-4520-474a-be65-115ec39013d6/timeouts[39m
[35m[HTTP][39m [90m{"implicit":1000}[39m
[35m[HTTP][39m [37m<-- POST /wd/hub/session/00bf1e61-4520-474a-be65-115ec39013d6/timeouts [39m[32m200[39m [90m1 ms - 14[39m
[35m[HTTP][39m [90m[39m
[35m[HTTP][39m [37m-->[39m [37mPOST[39m [37m/wd/hub/session/00bf1e61-4520-474a-be65-115ec39013d6/elements[39m
[35m[HTTP][39m [90m{"using":"xpath","value":"//hierarchy/android.widget.FrameLayout[1]/android.widget.LinearLayout[1]/android.widget.FrameLayout[1]/android.widget.LinearLayout[1]/android.widget.FrameLayout[1]/android.widget.FrameLayout[1]/android.view.ViewGroup[1]/android.view.ViewGroup[1]/android.view.ViewGroup[1]/android.view.ViewGroup[1]/android.view.ViewGroup[1]/android.view.ViewGroup[1]/android.widget.FrameLayout[1]/android.view.ViewGroup[1]/android.view.ViewGroup[1]/android.view.ViewGroup[1]/android.view.ViewGroup[1]/android.view.ViewGroup[1]/android.view.ViewGroup[1]/android.view.ViewGroup[2]/android.view.ViewGroup[1]/android.view.ViewGroup[1]/android.view.ViewGroup[2]/com.horcrux.svg.SvgView[1]/com.horcrux.svg.GroupView[1]/com.horcrux.svg.PathView[1]"}[39m
[35m[HTTP][39m [37m<-- POST /wd/hub/session/00bf1e61-4520-474a-be65-115ec39013d6/elements [39m[32m200[39m [90m203 ms - 139[39m
[35m[HTTP][39m [90m[39m
[35m[HTTP][39m [37m-->[39m [37mGET[39m [37m/wd/hub/session/00bf1e61-4520-474a-be65-115ec39013d6/element/00000000-0000-0020-ffff-ffff000001d3/location[39m
[35m[HTTP][39m [90m{}[39m
[35m[W3C (00bf1e61)][39m Driver proxy active, passing request on via HTTP proxy
[35m[WD Proxy][39m Replacing sessionId 98d3b8db-fc6c-41a3-8d9f-9ad6e665cc06 with 00bf1e61-4520-474a-be65-115ec39013d6
[35m[HTTP][39m [37m<-- GET /wd/hub/session/00bf1e61-4520-474a-be65-115ec39013d6/element/00000000-0000-0020-ffff-ffff000001d3/location [39m[32m200[39m [90m30 ms - 79[39m
[35m[HTTP][39m [90m[39m
[35m[HTTP][39m [37m-->[39m [37mGET[39m [37m/wd/hub/session/00bf1e61-4520-474a-be65-115ec39013d6/element/00000000-0000-0020-ffff-ffff000001d3/size[39m
[35m[HTTP][39m [90m{}[39m
[35m[W3C (00bf1e61)][39m Driver proxy active, passing request on via HTTP proxy
[35m[WD Proxy][39m Replacing sessionId 98d3b8db-fc6c-41a3-8d9f-9ad6e665cc06 with 00bf1e61-4520-474a-be65-115ec39013d6
[35m[HTTP][39m [37m<-- GET /wd/hub/session/00bf1e61-4520-474a-be65-115ec39013d6/element/00000000-0000-0020-ffff-ffff000001d3/size [39m[32m200[39m [90m29 ms - 85[39m
[35m[HTTP][39m [90m[39m
[35m[HTTP][39m [37m-->[39m [37mGET[39m [37m/wd/hub/session/00bf1e61-4520-474a-be65-115ec39013d6/source[39m
[35m[HTTP][39m [90m{}[39m
[35m[W3C (00bf1e61)][39m Driver proxy active, passing request on via HTTP proxy
[35m[WD Proxy][39m Replacing sessionId 98d3b8db-fc6c-41a3-8d9f-9ad6e665cc06 with 00bf1e61-4520-474a-be65-115ec39013d6
[35m[HTTP][39m [37m<-- GET /wd/hub/session/00bf1e61-4520-474a-be65-115ec39013d6/source [39m[32m200[39m [90m219 ms - 24251[39m
[35m[HTTP][39m [90m[39m
[35m[HTTP][39m [37m-->[39m [37mGET[39m [37m/wd/hub/session/00bf1e61-4520-474a-be65-115ec39013d6/screenshot[39m
[35m[HTTP][39m [90m{}[39m
[35m[HTTP][39m [37m<-- GET /wd/hub/session/00bf1e61-4520-474a-be65-115ec39013d6/screenshot [39m[32m200[39m [90m848 ms - 1253404[39m
[35m[HTTP][39m [90m[39m
[35m[HTTP][39m [37m-->[39m [37mPOST[39m [37m/wd/hub/session/00bf1e61-4520-474a-be65-115ec39013d6/elements[39m
[35m[HTTP][39m [90m{"using":"xpath","value":"//*[@class = 'android.view.ViewGroup' and (@text = '' or . = '')]"}[39m
[35m[HTTP][39m [37m<-- POST /wd/hub/session/00bf1e61-4520-474a-be65-115ec39013d6/elements [39m[32m200[39m [90m158 ms - 2443[39m
[35m[HTTP][39m [90m[39m
[35m[HTTP][39m [37m-->[39m [37mPOST[39m [37m/wd/hub/session/00bf1e61-4520-474a-be65-115ec39013d6/elements[39m
[35m[HTTP][39m [90m{"using":"accessibility id","value":"Registrasi Sekarang"}[39m
[35m[HTTP][39m [37m<-- POST /wd/hub/session/00bf1e61-4520-474a-be65-115ec39013d6/elements [39m[32m200[39m [90m485 ms - 139[39m
[35m[HTTP][39m [90m[39m
[35m[HTTP][39m [37m-->[39m [37mGET[39m [37m/wd/hub/session/00bf1e61-4520-474a-be65-115ec39013d6/window/rect[39m
[35m[HTTP][39m [90m{}[39m
[35m[HTTP][39m [37m<-- GET /wd/hub/session/00bf1e61-4520-474a-be65-115ec39013d6/window/rect [39m[32m200[39m [90m9 ms - 50[39m
[35m[HTTP][39m [90m[39m
[35m[HTTP][39m [37m-->[39m [37mPOST[39m [37m/wd/hub/session/00bf1e61-4520-474a-be65-115ec39013d6/elements[39m
[35m[HTTP][39m [90m{"using":"accessibility id","value":"Registrasi Sekarang"}[39m
[35m[HTTP][39m [37m<-- POST /wd/hub/session/00bf1e61-4520-474a-be65-115ec39013d6/elements [39m[32m200[39m [90m69 ms - 139[39m
[35m[HTTP][39m [90m[39m
[35m[HTTP][39m [37m-->[39m [37mGET[39m [37m/wd/hub/session/00bf1e61-4520-474a-be65-115ec39013d6/element/00000000-0000-0020-ffff-ffff000001e8/location[39m
[35m[HTTP][39m [90m{}[39m
[35m[W3C (00bf1e61)][39m Driver proxy active, passing request on via HTTP proxy
[35m[WD Proxy][39m Replacing sessionId 98d3b8db-fc6c-41a3-8d9f-9ad6e665cc06 with 00bf1e61-4520-474a-be65-115ec39013d6
[35m[HTTP][39m [37m<-- GET /wd/hub/session/00bf1e61-4520-474a-be65-115ec39013d6/element/00000000-0000-0020-ffff-ffff000001e8/location [39m[32m200[39m [90m16 ms - 78[39m
[35m[HTTP][39m [90m[39m
[35m[HTTP][39m [37m-->[39m [37mPOST[39m [37m/wd/hub/session/00bf1e61-4520-474a-be65-115ec39013d6/element/00000000-0000-0020-ffff-ffff000001e8/click[39m
[35m[HTTP][39m [90m{"id":"00000000-0000-0020-ffff-ffff000001e8"}[39m
[35m[HTTP][39m [37m<-- POST /wd/hub/session/00bf1e61-4520-474a-be65-115ec39013d6/element/00000000-0000-0020-ffff-ffff000001e8/click [39m[32m200[39m [90m807 ms - 14[39m
[35m[HTTP][39m [90m[39m
[35m[HTTP][39m [37m-->[39m [37mGET[39m [37m/wd/hub/session/00bf1e61-4520-474a-be65-115ec39013d6/source[39m
[35m[HTTP][39m [90m{}[39m
[35m[W3C (00bf1e61)][39m Driver proxy active, passing request on via HTTP proxy
[35m[WD Proxy][39m Replacing sessionId 98d3b8db-fc6c-41a3-8d9f-9ad6e665cc06 with 00bf1e61-4520-474a-be65-115ec39013d6
[35m[HTTP][39m [37m<-- GET /wd/hub/session/00bf1e61-4520-474a-be65-115ec39013d6/source [39m[32m200[39m [90m1086 ms - 10353[39m
[35m[HTTP][39m [90m[39m
[35m[HTTP][39m [37m-->[39m [37mGET[39m [37m/wd/hub/session/00bf1e61-4520-474a-be65-115ec39013d6/screenshot[39m
[35m[HTTP][39m [90m{}[39m
[35m[HTTP][39m [37m<-- GET /wd/hub/session/00bf1e61-4520-474a-be65-115ec39013d6/screenshot [39m[32m200[39m [90m343 ms - 115080[39m
[35m[HTTP][39m [90m[39m
[35m[HTTP][39m [37m-->[39m [37mGET[39m [37m/wd/hub/session/00bf1e61-4520-474a-be65-115ec39013d6/source[39m
[35m[HTTP][39m [90m{}[39m
[35m[W3C (00bf1e61)][39m Driver proxy active, passing request on via HTTP proxy
[35m[WD Proxy][39m Replacing sessionId 98d3b8db-fc6c-41a3-8d9f-9ad6e665cc06 with 00bf1e61-4520-474a-be65-115ec39013d6
[35m[HTTP][39m [37m<-- GET /wd/hub/session/00bf1e61-4520-474a-be65-115ec39013d6/source [39m[32m200[39m [90m162 ms - 38616[39m
[35m[HTTP][39m [90m[39m
[35m[HTTP][39m [37m-->[39m [37mGET[39m [37m/wd/hub/session/00bf1e61-4520-474a-be65-115ec39013d6/screenshot[39m
[35m[HTTP][39m [90m{}[39m
[35m[HTTP][39m [37m<-- GET /wd/hub/session/00bf1e61-4520-474a-be65-115ec39013d6/screenshot [39m[32m200[39m [90m362 ms - 219436[39m
[35m[HTTP][39m [90m[39m
[35m[HTTP][39m [37m-->[39m [37mPOST[39m [37m/wd/hub/session/00bf1e61-4520-474a-be65-115ec39013d6/elements[39m
[35m[HTTP][39m [90m{"using":"xpath","value":"//*[@class = 'android.view.View' and (@text = '' or . = '')]"}[39m
[35m[HTTP][39m [37m<-- POST /wd/hub/session/00bf1e61-4520-474a-be65-115ec39013d6/elements [39m[32m200[39m [90m214 ms - 3723[39m
[35m[HTTP][39m [90m[39m
[35m[HTTP][39m [37m-->[39m [37mPOST[39m [37m/wd/hub/session/00bf1e61-4520-474a-be65-115ec39013d6/elements[39m
[35m[HTTP][39m [90m{"using":"-android uiautomator","value":"new UiSelector().className(\"android.view.View\")"}[39m
[35m[HTTP][39m [37m<-- POST /wd/hub/session/00bf1e61-4520-474a-be65-115ec39013d6/elements [39m[32m200[39m [90m182 ms - 3723[39m
[35m[HTTP][39m [90m[39m
[35m[HTTP][39m [37m-->[39m [37mGET[39m [37m/wd/hub/session/00bf1e61-4520-474a-be65-115ec39013d6/window/rect[39m
[35m[HTTP][39m [90m{}[39m
[35m[HTTP][39m [37m<-- GET /wd/hub/session/00bf1e61-4520-474a-be65-115ec39013d6/window/rect [39m[32m200[39m [90m8 ms - 50[39m
[35m[HTTP][39m [90m[39m
[35m[HTTP][39m [37m-->[39m [37mPOST[39m [37m/wd/hub/session/00bf1e61-4520-474a-be65-115ec39013d6/elements[39m
[35m[HTTP][39m [90m{"using":"xpath","value":"//hierarchy/android.widget.FrameLayout[1]/android.widget.LinearLayout[1]/android.widget.FrameLayout[1]/android.widget.LinearLayout[1]/android.widget.FrameLayout[1]/android.widget.FrameLayout[1]/android.view.ViewGroup[1]/android.view.ViewGroup[1]/android.view.ViewGroup[1]/android.view.ViewGroup[1]/android.view.ViewGroup[1]/android.view.ViewGroup[1]/android.widget.FrameLayout[1]/android.view.ViewGroup[1]/android.view.ViewGroup[1]/android.view.ViewGroup[1]/android.view.ViewGroup[1]/android.view.ViewGroup[1]/android.view.ViewGroup[1]/android.view.ViewGroup[1]/android.widget.FrameLayout[1]/android.webkit.WebView[1]/android.webkit.WebView[1]/android.view.View[1]/android.view.View[1]/android.view.View[2]/android.view.View[2]/android.view.View[1]/android.view.View[1]/android.view.View[1]"}[39m
[35m[HTTP][39m [37m<-- POST /wd/hub/session/00bf1e61-4520-474a-be65-115ec39013d6/elements [39m[32m200[39m [90m116 ms - 139[39m
[35m[HTTP][39m [90m[39m
[35m[HTTP][39m [37m-->[39m [37mGET[39m [37m/wd/hub/session/00bf1e61-4520-474a-be65-115ec39013d6/element/00000000-0000-0020-0000-00290000021d/location[39m
[35m[HTTP][39m [90m{}[39m
[35m[W3C (00bf1e61)][39m Driver proxy active, passing request on via HTTP proxy
[35m[WD Proxy][39m Replacing sessionId 98d3b8db-fc6c-41a3-8d9f-9ad6e665cc06 with 00bf1e61-4520-474a-be65-115ec39013d6
[35m[HTTP][39m [37m<-- GET /wd/hub/session/00bf1e61-4520-474a-be65-115ec39013d6/element/00000000-0000-0020-0000-00290000021d/location [39m[32m200[39m [90m16 ms - 77[39m
[35m[HTTP][39m [90m[39m
[35m[HTTP][39m [37m-->[39m [37mPOST[39m [37m/wd/hub/session/00bf1e61-4520-474a-be65-115ec39013d6/element/00000000-0000-0020-0000-00290000021d/click[39m
[35m[HTTP][39m [90m{"id":"00000000-0000-0020-0000-00290000021d"}[39m
[35m[HTTP][39m [37m<-- POST /wd/hub/session/00bf1e61-4520-474a-be65-115ec39013d6/element/00000000-0000-0020-0000-00290000021d/click [39m[32m200[39m [90m47 ms - 14[39m
[35m[HTTP][39m [90m[39m
[35m[HTTP][39m [37m-->[39m [37mGET[39m [37m/wd/hub/session/00bf1e61-4520-474a-be65-115ec39013d6/source[39m
[35m[HTTP][39m [90m{}[39m
[35m[W3C (00bf1e61)][39m Driver proxy active, passing request on via HTTP proxy
[35m[WD Proxy][39m Replacing sessionId 98d3b8db-fc6c-41a3-8d9f-9ad6e665cc06 with 00bf1e61-4520-474a-be65-115ec39013d6
[35m[HTTP][39m [37m<-- GET /wd/hub/session/00bf1e61-4520-474a-be65-115ec39013d6/source [39m[32m200[39m [90m122 ms - 38616[39m
[35m[HTTP][39m [90m[39m
[35m[HTTP][39m [37m-->[39m [37mGET[39m [37m/wd/hub/session/00bf1e61-4520-474a-be65-115ec39013d6/screenshot[39m
[35m[HTTP][39m [90m{}[39m
[35m[HTTP][39m [37m<-- GET /wd/hub/session/00bf1e61-4520-474a-be65-115ec39013d6/screenshot [39m[32m200[39m [90m400 ms - 219436[39m
[35m[HTTP][39m [90m[39m
[35m[HTTP][39m [37m-->[39m [37mPOST[39m [37m/wd/hub/session/00bf1e61-4520-474a-be65-115ec39013d6/elements[39m
[35m[HTTP][39m [90m{"using":"xpath","value":"//*[@class = 'android.widget.EditText' and (@text = 'alwinhasan79@gmail.com' or . = 'alwinhasan79@gmail.com')]"}[39m
[35m[HTTP][39m [37m<-- POST /wd/hub/session/00bf1e61-4520-474a-be65-115ec39013d6/elements [39m[32m200[39m [90m188 ms - 139[39m
[35m[HTTP][39m [90m[39m
[35m[HTTP][39m [37m-->[39m [37mGET[39m [37m/wd/hub/session/00bf1e61-4520-474a-be65-115ec39013d6/window/rect[39m
[35m[HTTP][39m [90m{}[39m
[35m[HTTP][39m [37m<-- GET /wd/hub/session/00bf1e61-4520-474a-be65-115ec39013d6/window/rect [39m[32m200[39m [90m12 ms - 50[39m
[35m[HTTP][39m [90m[39m
[35m[HTTP][39m [37m-->[39m [37mPOST[39m [37m/wd/hub/session/00bf1e61-4520-474a-be65-115ec39013d6/elements[39m
[35m[HTTP][39m [90m{"using":"xpath","value":"//*[@class = 'android.widget.EditText' and (@text = 'alwinhasan79@gmail.com' or . = 'alwinhasan79@gmail.com')]"}[39m
[35m[HTTP][39m [37m<-- POST /wd/hub/session/00bf1e61-4520-474a-be65-115ec39013d6/elements [39m[32m200[39m [90m193 ms - 139[39m
[35m[HTTP][39m [90m[39m
[35m[HTTP][39m [37m-->[39m [37mGET[39m [37m/wd/hub/session/00bf1e61-4520-474a-be65-115ec39013d6/element/00000000-0000-0020-0000-00090000021d/location[39m
[35m[HTTP][39m [90m{}[39m
[35m[W3C (00bf1e61)][39m Driver proxy active, passing request on via HTTP proxy
[35m[WD Proxy][39m Replacing sessionId 98d3b8db-fc6c-41a3-8d9f-9ad6e665cc06 with 00bf1e61-4520-474a-be65-115ec39013d6
[35m[HTTP][39m [37m<-- GET /wd/hub/session/00bf1e61-4520-474a-be65-115ec39013d6/element/00000000-0000-0020-0000-00090000021d/location [39m[32m200[39m [90m12 ms - 78[39m
[35m[HTTP][39m [90m[39m
[35m[HTTP][39m [37m-->[39m [37mPOST[39m [37m/wd/hub/session/00bf1e61-4520-474a-be65-115ec39013d6/element/00000000-0000-0020-0000-00090000021d/click[39m
[35m[HTTP][39m [90m{"id":"00000000-0000-0020-0000-00090000021d"}[39m
[35m[HTTP][39m [37m<-- POST /wd/hub/session/00bf1e61-4520-474a-be65-115ec39013d6/element/00000000-0000-0020-0000-00090000021d/click [39m[32m200[39m [90m44 ms - 14[39m
[35m[HTTP][39m [90m[39m
[35m[HTTP][39m [37m-->[39m [37mGET[39m [37m/wd/hub/session/00bf1e61-4520-474a-be65-115ec39013d6/source[39m
[35m[HTTP][39m [90m{}[39m
[35m[W3C (00bf1e61)][39m Driver proxy active, passing request on via HTTP proxy
[35m[WD Proxy][39m Replacing sessionId 98d3b8db-fc6c-41a3-8d9f-9ad6e665cc06 with 00bf1e61-4520-474a-be65-115ec39013d6
[35m[HTTP][39m [37m<-- GET /wd/hub/session/00bf1e61-4520-474a-be65-115ec39013d6/source [39m[32m200[39m [90m785 ms - 3806[39m
[35m[HTTP][39m [90m[39m
[35m[HTTP][39m [37m-->[39m [37mGET[39m [37m/wd/hub/session/00bf1e61-4520-474a-be65-115ec39013d6/screenshot[39m
[35m[HTTP][39m [90m{}[39m
[35m[HTTP][39m [37m<-- GET /wd/hub/session/00bf1e61-4520-474a-be65-115ec39013d6/screenshot [39m[32m200[39m [90m400 ms - 233430[39m
[35m[HTTP][39m [90m[39m
[35m[HTTP][39m [37m-->[39m [37mPOST[39m [37m/wd/hub/session/00bf1e61-4520-474a-be65-115ec39013d6/timeouts[39m
[35m[HTTP][39m [90m{"implicit":1000}[39m
[35m[HTTP][39m [37m<-- POST /wd/hub/session/00bf1e61-4520-474a-be65-115ec39013d6/timeouts [39m[32m200[39m [90m1 ms - 14[39m
[35m[HTTP][39m [90m[39m
[35m[HTTP][39m [37m-->[39m [37mPOST[39m [37m/wd/hub/session/00bf1e61-4520-474a-be65-115ec39013d6/elements[39m
[35m[HTTP][39m [90m{"using":"accessibility id","value":"Registrasi Sekarang"}[39m
[35m[HTTP][39m [37m<-- POST /wd/hub/session/00bf1e61-4520-474a-be65-115ec39013d6/elements [39m[32m200[39m [90m1037 ms - 12[39m
[35m[HTTP][39m [90m[39m
[35m[HTTP][39m [37m-->[39m [37mPOST[39m [37m/wd/hub/session/00bf1e61-4520-474a-be65-115ec39013d6/timeouts[39m
[35m[HTTP][39m [90m{"implicit":1000}[39m
[35m[HTTP][39m [37m<-- POST /wd/hub/session/00bf1e61-4520-474a-be65-115ec39013d6/timeouts [39m[32m200[39m [90m1 ms - 14[39m
[35m[HTTP][39m [90m[39m
[35m[HTTP][39m [37m-->[39m [37mPOST[39m [37m/wd/hub/session/00bf1e61-4520-474a-be65-115ec39013d6/elements[39m
[35m[HTTP][39m [90m{"using":"xpath","value":"//hierarchy/android.widget.FrameLayout[1]/android.widget.LinearLayout[1]/android.widget.FrameLayout[1]/android.widget.LinearLayout[1]/android.widget.FrameLayout[1]/android.widget.FrameLayout[1]/android.view.ViewGroup[1]/android.view.ViewGroup[1]/android.view.ViewGroup[1]/android.view.ViewGroup[1]/android.view.ViewGroup[1]/android.view.ViewGroup[1]/android.widget.FrameLayout[1]/android.view.ViewGroup[1]/android.view.ViewGroup[1]/android.view.ViewGroup[1]/android.view.ViewGroup[1]/android.view.ViewGroup[1]/android.view.ViewGroup[1]/android.view.ViewGroup[1]/android.widget.FrameLayout[1]/android.webkit.WebView[1]/android.webkit.WebView[1]/android.view.View[1]/android.view.View[1]/android.view.View[2]/android.view.View[2]/android.view.View[1]/android.view.View[1]/android.view.View[1]"}[39m
[35m[HTTP][39m [37m<-- POST /wd/hub/session/00bf1e61-4520-474a-be65-115ec39013d6/elements [39m[32m200[39m [90m1053 ms - 12[39m
[35m[HTTP][39m [90m[39m
[35m[HTTP][39m [37m-->[39m [37mPOST[39m [37m/wd/hub/session/00bf1e61-4520-474a-be65-115ec39013d6/timeouts[39m
[35m[HTTP][39m [90m{"implicit":1000}[39m
[35m[HTTP][39m [37m<-- POST /wd/hub/session/00bf1e61-4520-474a-be65-115ec39013d6/timeouts [39m[32m200[39m [90m1 ms - 14[39m
[35m[HTTP][39m [90m[39m
[35m[HTTP][39m [37m-->[39m [37mPOST[39m [37m/wd/hub/session/00bf1e61-4520-474a-be65-115ec39013d6/elements[39m
[35m[HTTP][39m [90m{"using":"xpath","value":"//hierarchy/android.widget.FrameLayout[1]/android.widget.LinearLayout[1]/android.widget.FrameLayout[1]/android.widget.LinearLayout[1]/android.widget.FrameLayout[1]/android.widget.FrameLayout[1]/android.view.ViewGroup[1]/android.view.ViewGroup[1]/android.view.ViewGroup[1]/android.view.ViewGroup[1]/android.view.ViewGroup[1]/android.view.ViewGroup[1]/android.widget.FrameLayout[1]/android.view.ViewGroup[1]/android.view.ViewGroup[1]/android.view.ViewGroup[1]/android.view.ViewGroup[1]/android.view.ViewGroup[1]/android.view.ViewGroup[1]/android.view.ViewGroup[1]/android.widget.FrameLayout[1]/android.webkit.WebView[1]/android.webkit.WebView[1]/android.view.View[1]/android.view.View[1]/android.view.View[2]/android.view.View[2]/android.view.View[1]/android.view.View[1]/android.view.View[1]"}[39m
[35m[HTTP][39m [37m<-- POST /wd/hub/session/00bf1e61-4520-474a-be65-115ec39013d6/elements [39m[32m200[39m [90m1050 ms - 12[39m
[35m[HTTP][39m [90m[39m
[35m[HTTP][39m [37m-->[39m [37mPOST[39m [37m/wd/hub/session/00bf1e61-4520-474a-be65-115ec39013d6/timeouts[39m
[35m[HTTP][39m [90m{"implicit":1000}[39m
[35m[HTTP][39m [37m<-- POST /wd/hub/session/00bf1e61-4520-474a-be65-115ec39013d6/timeouts [39m[32m200[39m [90m1 ms - 14[39m
[35m[HTTP][39m [90m[39m
[35m[HTTP][39m [37m-->[39m [37mPOST[39m [37m/wd/hub/session/00bf1e61-4520-474a-be65-115ec39013d6/elements[39m
[35m[HTTP][39m [90m{"using":"xpath","value":"//*[@class = 'android.widget.EditText' and (@text = 'alwinhasan79@gmail.com' or . = 'alwinhasan79@gmail.com')]"}[39m
[35m[HTTP][39m [37m<-- POST /wd/hub/session/00bf1e61-4520-474a-be65-115ec39013d6/elements [39m[32m200[39m [90m1034 ms - 12[39m
[35m[HTTP][39m [90m[39m
[35m[HTTP][39m [37m-->[39m [37mGET[39m [37m/wd/hub/session/00bf1e61-4520-474a-be65-115ec39013d6/source[39m
[35m[HTTP][39m [90m{}[39m
[35m[W3C (00bf1e61)][39m Driver proxy active, passing request on via HTTP proxy
[35m[WD Proxy][39m Replacing sessionId 98d3b8db-fc6c-41a3-8d9f-9ad6e665cc06 with 00bf1e61-4520-474a-be65-115ec39013d6
[35m[HTTP][39m [37m<-- GET /wd/hub/session/00bf1e61-4520-474a-be65-115ec39013d6/source [39m[32m200[39m [90m49 ms - 12722[39m
[35m[HTTP][39m [90m[39m
[35m[HTTP][39m [37m-->[39m [37mGET[39m [37m/wd/hub/session/00bf1e61-4520-474a-be65-115ec39013d6/screenshot[39m
[35m[HTTP][39m [90m{}[39m
[35m[HTTP][39m [37m<-- GET /wd/hub/session/00bf1e61-4520-474a-be65-115ec39013d6/screenshot [39m[32m200[39m [90m353 ms - 205802[39m
[35m[HTTP][39m [90m[39m
[35m[HTTP][39m [37m-->[39m [37mPOST[39m [37m/wd/hub/session/00bf1e61-4520-474a-be65-115ec39013d6/elements[39m
[35m[HTTP][39m [90m{"using":"xpath","value":"//*[@class = 'android.widget.TextView' and (@text = '' or . = '')]"}[39m
[35m[HTTP][39m [37m<-- POST /wd/hub/session/00bf1e61-4520-474a-be65-115ec39013d6/elements [39m[32m200[39m [90m141 ms - 267[39m
[35m[HTTP][39m [90m[39m
[35m[HTTP][39m [37m-->[39m [37mPOST[39m [37m/wd/hub/session/00bf1e61-4520-474a-be65-115ec39013d6/elements[39m
[35m[HTTP][39m [90m{"using":"-android uiautomator","value":"new UiSelector().className(\"android.widget.TextView\")"}[39m
[35m[HTTP][39m [37m<-- POST /wd/hub/session/00bf1e61-4520-474a-be65-115ec39013d6/elements [39m[32m200[39m [90m106 ms - 267[39m
[35m[HTTP][39m [90m[39m
[35m[HTTP][39m [37m-->[39m [37mGET[39m [37m/wd/hub/session/00bf1e61-4520-474a-be65-115ec39013d6/window/rect[39m
[35m[HTTP][39m [90m{}[39m
[35m[HTTP][39m [37m<-- GET /wd/hub/session/00bf1e61-4520-474a-be65-115ec39013d6/window/rect [39m[32m200[39m [90m15 ms - 50[39m
[35m[HTTP][39m [90m[39m
[35m[HTTP][39m [37m-->[39m [37mPOST[39m [37m/wd/hub/session/00bf1e61-4520-474a-be65-115ec39013d6/elements[39m
[35m[HTTP][39m [90m{"using":"xpath","value":"//hierarchy/android.widget.FrameLayout[1]/android.widget.LinearLayout[1]/android.widget.FrameLayout[1]/android.widget.LinearLayout[1]/android.widget.FrameLayout[1]/android.widget.FrameLayout[1]/android.view.ViewGroup[1]/android.view.ViewGroup[1]/android.view.ViewGroup[1]/android.view.ViewGroup[1]/android.view.ViewGroup[1]/android.view.ViewGroup[1]/android.widget.FrameLayout[1]/android.view.ViewGroup[1]/android.view.ViewGroup[1]/android.view.ViewGroup[1]/android.view.ViewGroup[1]/android.view.ViewGroup[1]/android.view.ViewGroup[1]/android.view.ViewGroup[1]/android.widget.FrameLayout[1]/android.webkit.WebView[1]/android.webkit.WebView[1]/android.view.View[1]/android.widget.TextView[1]"}[39m
[35m[HTTP][39m [37m<-- POST /wd/hub/session/00bf1e61-4520-474a-be65-115ec39013d6/elements [39m[32m200[39m [90m108 ms - 139[39m
[35m[HTTP][39m [90m[39m
[35m[HTTP][39m [37m-->[39m [37mGET[39m [37m/wd/hub/session/00bf1e61-4520-474a-be65-115ec39013d6/element/00000000-0000-0020-0000-00930000021d/location[39m
[35m[HTTP][39m [90m{}[39m
[35m[W3C (00bf1e61)][39m Driver proxy active, passing request on via HTTP proxy
[35m[WD Proxy][39m Replacing sessionId 98d3b8db-fc6c-41a3-8d9f-9ad6e665cc06 with 00bf1e61-4520-474a-be65-115ec39013d6
[35m[HTTP][39m [37m<-- GET /wd/hub/session/00bf1e61-4520-474a-be65-115ec39013d6/element/00000000-0000-0020-0000-00930000021d/location [39m[32m200[39m [90m21 ms - 76[39m
[35m[HTTP][39m [90m[39m
[35m[HTTP][39m [37m-->[39m [37mPOST[39m [37m/wd/hub/session/00bf1e61-4520-474a-be65-115ec39013d6/element/00000000-0000-0020-0000-00930000021d/click[39m
[35m[HTTP][39m [90m{"id":"00000000-0000-0020-0000-00930000021d"}[39m
[35m[HTTP][39m [37m<-- POST /wd/hub/session/00bf1e61-4520-474a-be65-115ec39013d6/element/00000000-0000-0020-0000-00930000021d/click [39m[32m200[39m [90m65 ms - 14[39m
[35m[HTTP][39m [90m[39m
[35m[HTTP][39m [37m-->[39m [37mGET[39m [37m/wd/hub/session/00bf1e61-4520-474a-be65-115ec39013d6/source[39m
[35m[HTTP][39m [90m{}[39m
[35m[W3C (00bf1e61)][39m Driver proxy active, passing request on via HTTP proxy
[35m[WD Proxy][39m Replacing sessionId 98d3b8db-fc6c-41a3-8d9f-9ad6e665cc06 with 00bf1e61-4520-474a-be65-115ec39013d6
[35m[HTTP][39m [37m<-- GET /wd/hub/session/00bf1e61-4520-474a-be65-115ec39013d6/source [39m[32m200[39m [90m48 ms - 12722[39m
[35m[HTTP][39m [90m[39m
[35m[HTTP][39m [37m-->[39m [37mGET[39m [37m/wd/hub/session/00bf1e61-4520-474a-be65-115ec39013d6/screenshot[39m
[35m[HTTP][39m [90m{}[39m
[35m[HTTP][39m [37m<-- GET /wd/hub/session/00bf1e61-4520-474a-be65-115ec39013d6/screenshot [39m[32m200[39m [90m360 ms - 205834[39m
[35m[HTTP][39m [90m[39m
[35m[HTTP][39m [37m-->[39m [37mPOST[39m [37m/wd/hub/session/00bf1e61-4520-474a-be65-115ec39013d6/elements[39m
[35m[HTTP][39m [90m{"using":"xpath","value":"//*[@class = 'android.widget.TextView' and (@text = '' or . = '')]"}[39m
[35m[HTTP][39m [37m<-- POST /wd/hub/session/00bf1e61-4520-474a-be65-115ec39013d6/elements [39m[32m200[39m [90m78 ms - 267[39m
[35m[HTTP][39m [90m[39m
[35m[HTTP][39m [37m-->[39m [37mPOST[39m [37m/wd/hub/session/00bf1e61-4520-474a-be65-115ec39013d6/elements[39m
[35m[HTTP][39m [90m{"using":"-android uiautomator","value":"new UiSelector().className(\"android.widget.TextView\")"}[39m
[35m[HTTP][39m [37m<-- POST /wd/hub/session/00bf1e61-4520-474a-be65-115ec39013d6/elements [39m[32m200[39m [90m33 ms - 267[39m
[35m[HTTP][39m [90m[39m
[35m[HTTP][39m [37m-->[39m [37mGET[39m [37m/wd/hub/session/00bf1e61-4520-474a-be65-115ec39013d6/window/rect[39m
[35m[HTTP][39m [90m{}[39m
[35m[HTTP][39m [37m<-- GET /wd/hub/session/00bf1e61-4520-474a-be65-115ec39013d6/window/rect [39m[32m200[39m [90m8 ms - 50[39m
[35m[HTTP][39m [90m[39m
[35m[HTTP][39m [37m-->[39m [37mPOST[39m [37m/wd/hub/session/00bf1e61-4520-474a-be65-115ec39013d6/elements[39m
[35m[HTTP][39m [90m{"using":"xpath","value":"//hierarchy/android.widget.FrameLayout[1]/android.widget.LinearLayout[1]/android.widget.FrameLayout[1]/android.widget.LinearLayout[1]/android.widget.FrameLayout[1]/android.widget.FrameLayout[1]/android.view.ViewGroup[1]/android.view.ViewGroup[1]/android.view.ViewGroup[1]/android.view.ViewGroup[1]/android.view.ViewGroup[1]/android.view.ViewGroup[1]/android.widget.FrameLayout[1]/android.view.ViewGroup[1]/android.view.ViewGroup[1]/android.view.ViewGroup[1]/android.view.ViewGroup[1]/android.view.ViewGroup[1]/android.view.ViewGroup[1]/android.view.ViewGroup[1]/android.widget.FrameLayout[1]/android.webkit.WebView[1]/android.webkit.WebView[1]/android.view.View[1]/android.widget.TextView[1]"}[39m
[35m[HTTP][39m [37m<-- POST /wd/hub/session/00bf1e61-4520-474a-be65-115ec39013d6/elements [39m[32m200[39m [90m539 ms - 139[39m
[35m[HTTP][39m [90m[39m
[35m[HTTP][39m [37m-->[39m [37mGET[39m [37m/wd/hub/session/00bf1e61-4520-474a-be65-115ec39013d6/element/00000000-0000-0020-0000-00930000021d/location[39m
[35m[HTTP][39m [90m{}[39m
[35m[W3C (00bf1e61)][39m Driver proxy active, passing request on via HTTP proxy
[35m[WD Proxy][39m Replacing sessionId 98d3b8db-fc6c-41a3-8d9f-9ad6e665cc06 with 00bf1e61-4520-474a-be65-115ec39013d6
[35m[HTTP][39m [37m<-- GET /wd/hub/session/00bf1e61-4520-474a-be65-115ec39013d6/element/00000000-0000-0020-0000-00930000021d/location [39m[32m200[39m [90m17 ms - 76[39m
[35m[HTTP][39m [90m[39m
[35m[HTTP][39m [37m-->[39m [37mPOST[39m [37m/wd/hub/session/00bf1e61-4520-474a-be65-115ec39013d6/element/00000000-0000-0020-0000-00930000021d/clear[39m
[35m[HTTP][39m [90m{"id":"00000000-0000-0020-0000-00930000021d"}[39m
[35m[HTTP][39m [37m<-- POST /wd/hub/session/00bf1e61-4520-474a-be65-115ec39013d6/element/00000000-0000-0020-0000-00930000021d/clear [39m[32m200[39m [90m17 ms - 14[39m
[35m[HTTP][39m [90m[39m
[35m[HTTP][39m [37m-->[39m [37mPOST[39m [37m/wd/hub/session/00bf1e61-4520-474a-be65-115ec39013d6/element/00000000-0000-0020-0000-00930000021d/value[39m
[35m[HTTP][39m [90m{"id":"00000000-0000-0020-0000-00930000021d","text":"111111","value":["1","1","1","1","1","1"]}[39m
[35m[WD Proxy][39m Got response with status 400: {"sessionId":"98d3b8db-fc6c-41a3-8d9f-9ad6e665cc06","value":{"error":"invalid element state","message":"Cannot set the element to '111111'. Did you interact with the correct element?","stacktrace":"io.appium.uiautomator2.common.exceptions.InvalidElementStateException: Cannot set the element to '111111'. Did you interact with the correct element?\n\tat io.appium.uiautomator2.handler.SendKeysToElement.setText(SendKeysToElement.java:87)\n\tat io.appium.uiautomator2.handler.SendKeysToElement.safeHandle(SendKeysToElement.java:115)\n\tat io.appium.uiautomator2.handler.request.SafeRequestHandler.handle(SafeRequestHandler.java:59)\n\tat io.appium.uiautomator2.server.AppiumServlet.handleRequest(AppiumServlet.java:266)\n\tat io.appium.uiautomator2.server.AppiumServlet.handleHttpRequest(AppiumServlet.java:260)\n\tat io.appium.uiautomator2.http.ServerHandler.channelRead(ServerHandler.java:68)\n\tat io.netty.channel.AbstractChannelHandlerContext.invokeChannelRead(AbstractChannelHandlerContext.java:366)\n\tat io.netty.c...
[35m[HTTP][39m [37m<-- POST /wd/hub/session/00bf1e61-4520-474a-be65-115ec39013d6/element/00000000-0000-0020-0000-00930000021d/value [39m[33m400[39m [90m61 ms - 3892[39m
[35m[HTTP][39m [90m[39m
[35m[HTTP][39m [37m-->[39m [37mPOST[39m [37m/wd/hub/session/00bf1e61-4520-474a-be65-115ec39013d6/elements[39m
[35m[HTTP][39m [90m{"using":"xpath","value":"//*[@class = 'android.widget.TextView' and (@text = '' or . = '')]"}[39m
[35m[HTTP][39m [37m<-- POST /wd/hub/session/00bf1e61-4520-474a-be65-115ec39013d6/elements [39m[32m200[39m [90m63 ms - 267[39m
[35m[HTTP][39m [90m[39m
[35m[HTTP][39m [37m-->[39m [37mPOST[39m [37m/wd/hub/session/00bf1e61-4520-474a-be65-115ec39013d6/elements[39m
[35m[HTTP][39m [90m{"using":"-android uiautomator","value":"new UiSelector().className(\"android.widget.TextView\")"}[39m
[35m[HTTP][39m [37m<-- POST /wd/hub/session/00bf1e61-4520-474a-be65-115ec39013d6/elements [39m[32m200[39m [90m38 ms - 267[39m
[35m[HTTP][39m [90m[39m
[35m[HTTP][39m [37m-->[39m [37mGET[39m [37m/wd/hub/session/00bf1e61-4520-474a-be65-115ec39013d6/window/rect[39m
[35m[HTTP][39m [90m{}[39m
[35m[HTTP][39m [37m<-- GET /wd/hub/session/00bf1e61-4520-474a-be65-115ec39013d6/window/rect [39m[32m200[39m [90m10 ms - 50[39m
[35m[HTTP][39m [90m[39m
[35m[HTTP][39m [37m-->[39m [37mPOST[39m [37m/wd/hub/session/00bf1e61-4520-474a-be65-115ec39013d6/elements[39m
[35m[HTTP][39m [90m{"using":"xpath","value":"//hierarchy/android.widget.FrameLayout[1]/android.widget.LinearLayout[1]/android.widget.FrameLayout[1]/android.widget.LinearLayout[1]/android.widget.FrameLayout[1]/android.widget.FrameLayout[1]/android.view.ViewGroup[1]/android.view.ViewGroup[1]/android.view.ViewGroup[1]/android.view.ViewGroup[1]/android.view.ViewGroup[1]/android.view.ViewGroup[1]/android.widget.FrameLayout[1]/android.view.ViewGroup[1]/android.view.ViewGroup[1]/android.view.ViewGroup[1]/android.view.ViewGroup[1]/android.view.ViewGroup[1]/android.view.ViewGroup[1]/android.view.ViewGroup[1]/android.widget.FrameLayout[1]/android.webkit.WebView[1]/android.webkit.WebView[1]/android.view.View[1]/android.widget.TextView[1]"}[39m
[35m[HTTP][39m [37m<-- POST /wd/hub/session/00bf1e61-4520-474a-be65-115ec39013d6/elements [39m[32m200[39m [90m55 ms - 139[39m
[35m[HTTP][39m [90m[39m
[35m[HTTP][39m [37m-->[39m [37mGET[39m [37m/wd/hub/session/00bf1e61-4520-474a-be65-115ec39013d6/element/00000000-0000-0020-0000-00930000021d/location[39m
[35m[HTTP][39m [90m{}[39m
[35m[W3C (00bf1e61)][39m Driver proxy active, passing request on via HTTP proxy
[35m[WD Proxy][39m Replacing sessionId 98d3b8db-fc6c-41a3-8d9f-9ad6e665cc06 with 00bf1e61-4520-474a-be65-115ec39013d6
[35m[HTTP][39m [37m<-- GET /wd/hub/session/00bf1e61-4520-474a-be65-115ec39013d6/element/00000000-0000-0020-0000-00930000021d/location [39m[32m200[39m [90m12 ms - 76[39m
[35m[HTTP][39m [90m[39m
[35m[HTTP][39m [37m-->[39m [37mPOST[39m [37m/wd/hub/session/00bf1e61-4520-474a-be65-115ec39013d6/element/00000000-0000-0020-0000-00930000021d/clear[39m
[35m[HTTP][39m [90m{"id":"00000000-0000-0020-0000-00930000021d"}[39m
[35m[HTTP][39m [37m<-- POST /wd/hub/session/00bf1e61-4520-474a-be65-115ec39013d6/element/00000000-0000-0020-0000-00930000021d/clear [39m[32m200[39m [90m13 ms - 14[39m
[35m[HTTP][39m [90m[39m
[35m[HTTP][39m [37m-->[39m [37mPOST[39m [37m/wd/hub/session/00bf1e61-4520-474a-be65-115ec39013d6/element/00000000-0000-0020-0000-00930000021d/value[39m
[35m[HTTP][39m [90m{"id":"00000000-0000-0020-0000-00930000021d","text":"111111","value":["1","1","1","1","1","1"]}[39m
[35m[WD Proxy][39m Got response with status 400: {"sessionId":"98d3b8db-fc6c-41a3-8d9f-9ad6e665cc06","value":{"error":"invalid element state","message":"Cannot set the element to '111111'. Did you interact with the correct element?","stacktrace":"io.appium.uiautomator2.common.exceptions.InvalidElementStateException: Cannot set the element to '111111'. Did you interact with the correct element?\n\tat io.appium.uiautomator2.handler.SendKeysToElement.setText(SendKeysToElement.java:87)\n\tat io.appium.uiautomator2.handler.SendKeysToElement.safeHandle(SendKeysToElement.java:115)\n\tat io.appium.uiautomator2.handler.request.SafeRequestHandler.handle(SafeRequestHandler.java:59)\n\tat io.appium.uiautomator2.server.AppiumServlet.handleRequest(AppiumServlet.java:266)\n\tat io.appium.uiautomator2.server.AppiumServlet.handleHttpRequest(AppiumServlet.java:260)\n\tat io.appium.uiautomator2.http.ServerHandler.channelRead(ServerHandler.java:68)\n\tat io.netty.channel.AbstractChannelHandlerContext.invokeChannelRead(AbstractChannelHandlerContext.java:366)\n\tat io.netty.c...
[35m[HTTP][39m [37m<-- POST /wd/hub/session/00bf1e61-4520-474a-be65-115ec39013d6/element/00000000-0000-0020-0000-00930000021d/value [39m[33m400[39m [90m20 ms - 3892[39m
[35m[HTTP][39m [90m[39m
[35m[HTTP][39m [37m-->[39m [37mPOST[39m [37m/wd/hub/session/00bf1e61-4520-474a-be65-115ec39013d6/elements[39m
[35m[HTTP][39m [90m{"using":"xpath","value":"//*[@class = 'android.widget.TextView' and (@text = '' or . = '')]"}[39m
[35m[HTTP][39m [37m<-- POST /wd/hub/session/00bf1e61-4520-474a-be65-115ec39013d6/elements [39m[32m200[39m [90m71 ms - 267[39m
[35m[HTTP][39m [90m[39m
[35m[HTTP][39m [37m-->[39m [37mPOST[39m [37m/wd/hub/session/00bf1e61-4520-474a-be65-115ec39013d6/elements[39m
[35m[HTTP][39m [90m{"using":"-android uiautomator","value":"new UiSelector().className(\"android.widget.TextView\")"}[39m
[35m[HTTP][39m [37m<-- POST /wd/hub/session/00bf1e61-4520-474a-be65-115ec39013d6/elements [39m[32m200[39m [90m39 ms - 267[39m
[35m[HTTP][39m [90m[39m
[35m[HTTP][39m [37m-->[39m [37mGET[39m [37m/wd/hub/session/00bf1e61-4520-474a-be65-115ec39013d6/window/rect[39m
[35m[HTTP][39m [90m{}[39m
[35m[HTTP][39m [37m<-- GET /wd/hub/session/00bf1e61-4520-474a-be65-115ec39013d6/window/rect [39m[32m200[39m [90m14 ms - 50[39m
[35m[HTTP][39m [90m[39m
[35m[HTTP][39m [37m-->[39m [37mPOST[39m [37m/wd/hub/session/00bf1e61-4520-474a-be65-115ec39013d6/elements[39m
[35m[HTTP][39m [90m{"using":"xpath","value":"//hierarchy/android.widget.FrameLayout[1]/android.widget.LinearLayout[1]/android.widget.FrameLayout[1]/android.widget.LinearLayout[1]/android.widget.FrameLayout[1]/android.widget.FrameLayout[1]/android.view.ViewGroup[1]/android.view.ViewGroup[1]/android.view.ViewGroup[1]/android.view.ViewGroup[1]/android.view.ViewGroup[1]/android.view.ViewGroup[1]/android.widget.FrameLayout[1]/android.view.ViewGroup[1]/android.view.ViewGroup[1]/android.view.ViewGroup[1]/android.view.ViewGroup[1]/android.view.ViewGroup[1]/android.view.ViewGroup[1]/android.view.ViewGroup[1]/android.widget.FrameLayout[1]/android.webkit.WebView[1]/android.webkit.WebView[1]/android.view.View[1]/android.widget.TextView[1]"}[39m
[35m[HTTP][39m [37m<-- POST /wd/hub/session/00bf1e61-4520-474a-be65-115ec39013d6/elements [39m[32m200[39m [90m115 ms - 139[39m
[35m[HTTP][39m [90m[39m
[35m[HTTP][39m [37m-->[39m [37mGET[39m [37m/wd/hub/session/00bf1e61-4520-474a-be65-115ec39013d6/element/00000000-0000-0020-0000-00930000021d/location[39m
[35m[HTTP][39m [90m{}[39m
[35m[W3C (00bf1e61)][39m Driver proxy active, passing request on via HTTP proxy
[35m[WD Proxy][39m Replacing sessionId 98d3b8db-fc6c-41a3-8d9f-9ad6e665cc06 with 00bf1e61-4520-474a-be65-115ec39013d6
[35m[HTTP][39m [37m<-- GET /wd/hub/session/00bf1e61-4520-474a-be65-115ec39013d6/element/00000000-0000-0020-0000-00930000021d/location [39m[32m200[39m [90m34 ms - 76[39m
[35m[HTTP][39m [90m[39m
[35m[HTTP][39m [37m-->[39m [37mPOST[39m [37m/wd/hub/session/00bf1e61-4520-474a-be65-115ec39013d6/element/00000000-0000-0020-0000-00930000021d/clear[39m
[35m[HTTP][39m [90m{"id":"00000000-0000-0020-0000-00930000021d"}[39m
[35m[HTTP][39m [37m<-- POST /wd/hub/session/00bf1e61-4520-474a-be65-115ec39013d6/element/00000000-0000-0020-0000-00930000021d/clear [39m[32m200[39m [90m24 ms - 14[39m
[35m[HTTP][39m [90m[39m
[35m[HTTP][39m [37m-->[39m [37mPOST[39m [37m/wd/hub/session/00bf1e61-4520-474a-be65-115ec39013d6/element/00000000-0000-0020-0000-00930000021d/value[39m
[35m[HTTP][39m [90m{"id":"00000000-0000-0020-0000-00930000021d","text":"111111","value":["1","1","1","1","1","1"]}[39m
[35m[WD Proxy][39m Got response with status 400: {"sessionId":"98d3b8db-fc6c-41a3-8d9f-9ad6e665cc06","value":{"error":"invalid element state","message":"Cannot set the element to '111111'. Did you interact with the correct element?","stacktrace":"io.appium.uiautomator2.common.exceptions.InvalidElementStateException: Cannot set the element to '111111'. Did you interact with the correct element?\n\tat io.appium.uiautomator2.handler.SendKeysToElement.setText(SendKeysToElement.java:87)\n\tat io.appium.uiautomator2.handler.SendKeysToElement.safeHandle(SendKeysToElement.java:115)\n\tat io.appium.uiautomator2.handler.request.SafeRequestHandler.handle(SafeRequestHandler.java:59)\n\tat io.appium.uiautomator2.server.AppiumServlet.handleRequest(AppiumServlet.java:266)\n\tat io.appium.uiautomator2.server.AppiumServlet.handleHttpRequest(AppiumServlet.java:260)\n\tat io.appium.uiautomator2.http.ServerHandler.channelRead(ServerHandler.java:68)\n\tat io.netty.channel.AbstractChannelHandlerContext.invokeChannelRead(AbstractChannelHandlerContext.java:366)\n\tat io.netty.c...
[35m[HTTP][39m [37m<-- POST /wd/hub/session/00bf1e61-4520-474a-be65-115ec39013d6/element/00000000-0000-0020-0000-00930000021d/value [39m[33m400[39m [90m19 ms - 3892[39m
[35m[HTTP][39m [90m[39m
[35m[HTTP][39m [37m-->[39m [37mDELETE[39m [37m/wd/hub/session/00bf1e61-4520-474a-be65-115ec39013d6[39m
[35m[HTTP][39m [90m{}[39m
[35m[Appium][39m Removing session 00bf1e61-4520-474a-be65-115ec39013d6 from our master session list
[35m[HTTP][39m [37m<-- DELETE /wd/hub/session/00bf1e61-4520-474a-be65-115ec39013d6 [39m[32m-[39m [90m- ms - -[39m
[35m[HTTP][39m [90m[39m
[35m[UiAutomator2][39m Restoring hidden api policy to the device default configuration
