#
# A fatal error has been detected by the Java Runtime Environment:
#
#  EXCEPTION_ACCESS_VIOLATION (0xc0000005) at pc=0x000000006ddbd466, pid=21156, tid=0x0000000000000428
#
# JRE version: OpenJDK Runtime Environment (Zulu 8.68.0.21-CA-win64) (8.0_362-b09) (build 1.8.0_362-b09)
# Java VM: OpenJDK 64-Bit Server VM (25.362-b09 mixed mode windows-amd64 compressed oops)
# Problematic frame:
# V  [jvm.dll+0xed466]
#
# Failed to write core dump. Minidumps are not enabled by default on client versions of Windows
#
# If you would like to submit a bug report, please visit:
#   http://www.azul.com/support/
#

---------------  T H R E A D  ---------------

Current thread (0x0000029cd38f6000):  GCTaskThread [stack: 0x000000d6d1f00000,0x000000d6d2000000] [id=1064]

siginfo: ExceptionCode=0xc0000005, reading address 0x00000000ca2b7558

Registers:
RAX=0x0000029ce4ef0000, RBX=0x00000000ca2b7550, RCX=0x00000000ca2b7550, RDX=0x000000000000002a
RSP=0x000000d6d1fff840, RBP=0x0000029cd38f8210, RSI=0x0000000000000000, RDI=0x00000000da1caf24
R8 =0x00000000002515ba, R9 =0x0000000100001730, R10=0x0000000000000036, R11=0x00000000da1cafb0
R12=0x0000000000000000, R13=0x00000001000019a8, R14=0x00000001000019a0, R15=0x0000000000000001
RIP=0x000000006ddbd466, EFLAGS=0x0000000000010202

Top of Stack: (sp=0x000000d6d1fff840)
0x000000d6d1fff840:   00000000da1cafb0 0000029cd38f8210
0x000000d6d1fff850:   0000000000000001 0000000000000003
0x000000d6d1fff860:   00000000da1caf24 000000006ddbdd06
0x000000d6d1fff870:   00000000ca2b7550 0000000100005cc8
0x000000d6d1fff880:   0000029cd38f8210 000000006ddce21f
0x000000d6d1fff890:   0000000000000000 0000000000000000
0x000000d6d1fff8a0:   0000029cd53af460 0000029cd38f8210
0x000000d6d1fff8b0:   000000d6d1fff940 000000006e0b2f5a
0x000000d6d1fff8c0:   0000029cd38f6920 000000006e302d00
0x000000d6d1fff8d0:   00000000da1caf18 0000000000000034
0x000000d6d1fff8e0:   0000000000000000 000000006ddbd4b2
0x000000d6d1fff8f0:   00000000d9f80588 000000d6d1fff9e9
0x000000d6d1fff900:   0000000000000000 0000000000000004
0x000000d6d1fff910:   0000029cd38f8210 000000006ddb78b1
0x000000d6d1fff920:   0000029ceacaf100 0000000000000000
0x000000d6d1fff930:   0000000000000000 0000029cd38f6920 

Instructions: (pc=0x000000006ddbd466)
0x000000006ddbd446:   81 c4 a0 00 00 00 5f c3 cc cc 48 89 5c 24 08 57
0x000000006ddbd456:   48 83 ec 20 80 3d e8 ac 6f 00 00 48 8b d9 74 15
0x000000006ddbd466:   8b 51 08 8b 0d 79 51 69 00 48 d3 e2 48 03 15 67
0x000000006ddbd476:   51 69 00 eb 04 48 8b 51 08 48 8b cb e8 89 68 fa 


Register to memory mapping:

RAX=0x0000029ce4ef0000 is an unknown value
RBX=0x00000000ca2b7550 is an unallocated location in the heap
RCX=0x00000000ca2b7550 is an unallocated location in the heap
RDX=0x000000000000002a is an unknown value
RSP=0x000000d6d1fff840 is an unknown value
RBP=0x0000029cd38f8210 is an unknown value
RSI=0x0000000000000000 is an unknown value
RDI=0x00000000da1caf24 is an unknown value
R8 =0x00000000002515ba is an unknown value
R9 =0x0000000100001730 is pointing into metadata
R10=0x0000000000000036 is an unknown value
R11=0x00000000da1cafb0 is an oop
[B 
 - klass: {type array byte}
 - length: 1
R12=0x0000000000000000 is an unknown value
R13=0x00000001000019a8 is pointing into metadata
R14=0x00000001000019a0 is pointing into metadata
R15=0x0000000000000001 is an unknown value


Stack: [0x000000d6d1f00000,0x000000d6d2000000],  sp=0x000000d6d1fff840,  free space=1022k
Native frames: (J=compiled Java code, j=interpreted, Vv=VM code, C=native code)
V  [jvm.dll+0xed466]
V  [jvm.dll+0xedd06]
V  [jvm.dll+0x3e2f5a]
V  [jvm.dll+0x3e07bd]
V  [jvm.dll+0x3de5b9]
V  [jvm.dll+0x27643c]
C  [ucrtbase.dll+0x29333]
C  [KERNEL32.DLL+0x1259d]
C  [ntdll.dll+0x5af38]


---------------  P R O C E S S  ---------------

Java Threads: ( => current thread )
  0x0000029ce9ece000 JavaThread "Service Thread" daemon [_thread_blocked, id=1348, stack(0x000000d6d2b00000,0x000000d6d2c00000)]
  0x0000029cebf53800 JavaThread "C1 CompilerThread3" daemon [_thread_blocked, id=9704, stack(0x000000d6d2a00000,0x000000d6d2b00000)]
  0x0000029cebf32800 JavaThread "C2 CompilerThread2" daemon [_thread_blocked, id=9688, stack(0x000000d6d2900000,0x000000d6d2a00000)]
  0x0000029cebf2e000 JavaThread "C2 CompilerThread1" daemon [_thread_blocked, id=17628, stack(0x000000d6d2800000,0x000000d6d2900000)]
  0x0000029cebf2b000 JavaThread "C2 CompilerThread0" daemon [_thread_blocked, id=15096, stack(0x000000d6d2700000,0x000000d6d2800000)]
  0x0000029cebf1b800 JavaThread "Attach Listener" daemon [_thread_blocked, id=13376, stack(0x000000d6d2600000,0x000000d6d2700000)]
  0x0000029cebf1a800 JavaThread "Signal Dispatcher" daemon [_thread_blocked, id=17992, stack(0x000000d6d2500000,0x000000d6d2600000)]
  0x0000029ce9e80800 JavaThread "Finalizer" daemon [_thread_blocked, id=15872, stack(0x000000d6d2400000,0x000000d6d2500000)]
  0x0000029ce9e7a000 JavaThread "Reference Handler" daemon [_thread_blocked, id=17392, stack(0x000000d6d2300000,0x000000d6d2400000)]
  0x0000029cd38e5000 JavaThread "main" [_thread_blocked, id=18260, stack(0x000000d6d1900000,0x000000d6d1a00000)]

Other Threads:
  0x0000029ce9e4f000 VMThread [stack: 0x000000d6d2200000,0x000000d6d2300000] [id=1608]
  0x0000029cec0b8800 WatcherThread [stack: 0x000000d6d2c00000,0x000000d6d2d00000] [id=19016]

=>0x0000029cd38f6000 (exited) GCTaskThread [stack: 0x000000d6d1f00000,0x000000d6d2000000] [id=1064]

VM state:at safepoint (normal execution)

VM Mutex/Monitor currently owned by a thread:  ([mutex/lock_event])
[0x0000029cd38cc860] Threads_lock - owner thread: 0x0000029ce9e4f000
[0x0000029cd38cd160] Heap_lock - owner thread: 0x0000029cd38e5000

heap address: 0x0000000080000000, size: 2048 MB, Compressed Oops mode: 32-bit
Narrow klass base: 0x0000000000000000, Narrow klass shift: 3
Compressed class space size: 1073741824 Address: 0x0000000100000000

Heap:
 PSYoungGen      total 75776K, used 9385K [0x00000000d5580000, 0x00000000de980000, 0x0000000100000000)
  eden space 65024K, 0% used [0x00000000d5580000,0x00000000d5580000,0x00000000d9500000)
  from space 10752K, 87% used [0x00000000d9f80000,0x00000000da8aa7f0,0x00000000daa00000)
  to   space 10752K, 0% used [0x00000000d9500000,0x00000000d9500000,0x00000000d9f80000)
 ParOldGen       total 173568K, used 104K [0x0000000080000000, 0x000000008a980000, 0x00000000d5580000)
  object space 173568K, 0% used [0x0000000080000000,0x000000008001a010,0x000000008a980000)
 Metaspace       used 20766K, capacity 21002K, committed 21296K, reserved 1069056K
  class space    used 2299K, capacity 2401K, committed 2432K, reserved 1048576K

Card table byte_map: [0x0000029ce4830000,0x0000029ce4c40000] byte_map_base: 0x0000029ce4430000

Marking Bits: (ParMarkBitMap*) 0x000000006e4c5390
 Begin Bits: [0x0000029ce4ef0000, 0x0000029ce6ef0000)
 End Bits:   [0x0000029ce6ef0000, 0x0000029ce8ef0000)

Polling page: 0x0000029cd5260000

CodeCache: size=245760Kb used=7253Kb max_used=7265Kb free=238506Kb
 bounds [0x0000029cd5470000, 0x0000029cd5b90000, 0x0000029ce4470000]
 total_blobs=2348 nmethods=1729 adapters=530
 compilation: enabled

Compilation events (10 events):
Event: 2.012 Thread 0x0000029cebf2e000 1731       4       java.math.BigInteger::implMulAddCheck (169 bytes)
Event: 2.012 Thread 0x0000029cebf53800 nmethod 1729 0x0000029cd5b83e10 code [0x0000029cd5b83fa0, 0x0000029cd5b84330]
Event: 2.012 Thread 0x0000029cebf53800 1730       3       sun.security.provider.SHA::implCompressCheck (15 bytes)
Event: 2.012 Thread 0x0000029cebf53800 nmethod 1730 0x0000029cd5b83850 code [0x0000029cd5b839e0, 0x0000029cd5b83cc0]
Event: 2.013 Thread 0x0000029cebf2e000 nmethod 1731 0x0000029cd5b81f90 code [0x0000029cd5b820e0, 0x0000029cd5b821d8]
Event: 2.013 Thread 0x0000029cebf53800 1732       3       sun.text.normalizer.NormalizerBase::normalize (223 bytes)
Event: 2.013 Thread 0x0000029cebf2e000 1734 %     4       sun.security.provider.SHA::implCompress0 @ 3 (482 bytes)
Event: 2.014 Thread 0x0000029cebf53800 nmethod 1732 0x0000029cd5b8a690 code [0x0000029cd5b8a980, 0x0000029cd5b8c060]
Event: 2.014 Thread 0x0000029cebf53800 1733   !   3       sun.security.x509.AVA::toRFC2253CanonicalString (484 bytes)
Event: 2.014 Thread 0x0000029cebf2b000 nmethod 1706 0x0000029cd5b81850 code [0x0000029cd5b819c0, 0x0000029cd5b81ce8]

GC Heap History (9 events):
Event: 0.907 GC heap before
{Heap before GC invocations=1 (full 0):
 PSYoungGen      total 75776K, used 65024K [0x00000000d5580000, 0x00000000daa00000, 0x0000000100000000)
  eden space 65024K, 100% used [0x00000000d5580000,0x00000000d9500000,0x00000000d9500000)
  from space 10752K, 0% used [0x00000000d9f80000,0x00000000d9f80000,0x00000000daa00000)
  to   space 10752K, 0% used [0x00000000d9500000,0x00000000d9500000,0x00000000d9f80000)
 ParOldGen       total 173568K, used 0K [0x0000000080000000, 0x000000008a980000, 0x00000000d5580000)
  object space 173568K, 0% used [0x0000000080000000,0x0000000080000000,0x000000008a980000)
 Metaspace       used 8696K, capacity 8848K, committed 8960K, reserved 1056768K
  class space    used 966K, capacity 1016K, committed 1024K, reserved 1048576K
Event: 0.911 GC heap after
Heap after GC invocations=1 (full 0):
 PSYoungGen      total 75776K, used 6858K [0x00000000d5580000, 0x00000000daa00000, 0x0000000100000000)
  eden space 65024K, 0% used [0x00000000d5580000,0x00000000d5580000,0x00000000d9500000)
  from space 10752K, 63% used [0x00000000d9500000,0x00000000d9bb2970,0x00000000d9f80000)
  to   space 10752K, 0% used [0x00000000d9f80000,0x00000000d9f80000,0x00000000daa00000)
 ParOldGen       total 173568K, used 16K [0x0000000080000000, 0x000000008a980000, 0x00000000d5580000)
  object space 173568K, 0% used [0x0000000080000000,0x0000000080004000,0x000000008a980000)
 Metaspace       used 8696K, capacity 8848K, committed 8960K, reserved 1056768K
  class space    used 966K, capacity 1016K, committed 1024K, reserved 1048576K
}
Event: 1.224 GC heap before
{Heap before GC invocations=2 (full 0):
 PSYoungGen      total 75776K, used 71882K [0x00000000d5580000, 0x00000000daa00000, 0x0000000100000000)
  eden space 65024K, 100% used [0x00000000d5580000,0x00000000d9500000,0x00000000d9500000)
  from space 10752K, 63% used [0x00000000d9500000,0x00000000d9bb2970,0x00000000d9f80000)
  to   space 10752K, 0% used [0x00000000d9f80000,0x00000000d9f80000,0x00000000daa00000)
 ParOldGen       total 173568K, used 16K [0x0000000080000000, 0x000000008a980000, 0x00000000d5580000)
  object space 173568K, 0% used [0x0000000080000000,0x0000000080004000,0x000000008a980000)
 Metaspace       used 11736K, capacity 11942K, committed 12160K, reserved 1060864K
  class space    used 1278K, capacity 1340K, committed 1408K, reserved 1048576K
Event: 1.228 GC heap after
Heap after GC invocations=2 (full 0):
 PSYoungGen      total 75776K, used 6568K [0x00000000d5580000, 0x00000000daa00000, 0x0000000100000000)
  eden space 65024K, 0% used [0x00000000d5580000,0x00000000d5580000,0x00000000d9500000)
  from space 10752K, 61% used [0x00000000d9f80000,0x00000000da5ea3a0,0x00000000daa00000)
  to   space 10752K, 0% used [0x00000000d9500000,0x00000000d9500000,0x00000000d9f80000)
 ParOldGen       total 173568K, used 24K [0x0000000080000000, 0x000000008a980000, 0x00000000d5580000)
  object space 173568K, 0% used [0x0000000080000000,0x0000000080006000,0x000000008a980000)
 Metaspace       used 11736K, capacity 11942K, committed 12160K, reserved 1060864K
  class space    used 1278K, capacity 1340K, committed 1408K, reserved 1048576K
}
Event: 1.697 GC heap before
{Heap before GC invocations=3 (full 0):
 PSYoungGen      total 75776K, used 71592K [0x00000000d5580000, 0x00000000daa00000, 0x0000000100000000)
  eden space 65024K, 100% used [0x00000000d5580000,0x00000000d9500000,0x00000000d9500000)
  from space 10752K, 61% used [0x00000000d9f80000,0x00000000da5ea3a0,0x00000000daa00000)
  to   space 10752K, 0% used [0x00000000d9500000,0x00000000d9500000,0x00000000d9f80000)
 ParOldGen       total 173568K, used 24K [0x0000000080000000, 0x000000008a980000, 0x00000000d5580000)
  object space 173568K, 0% used [0x0000000080000000,0x0000000080006000,0x000000008a980000)
 Metaspace       used 18490K, capacity 18726K, committed 19072K, reserved 1067008K
  class space    used 2014K, capacity 2113K, committed 2176K, reserved 1048576K
Event: 1.703 GC heap after
Heap after GC invocations=3 (full 0):
 PSYoungGen      total 75776K, used 9088K [0x00000000d5580000, 0x00000000daa00000, 0x0000000100000000)
  eden space 65024K, 0% used [0x00000000d5580000,0x00000000d5580000,0x00000000d9500000)
  from space 10752K, 84% used [0x00000000d9500000,0x00000000d9de0208,0x00000000d9f80000)
  to   space 10752K, 0% used [0x00000000d9f80000,0x00000000d9f80000,0x00000000daa00000)
 ParOldGen       total 173568K, used 96K [0x0000000080000000, 0x000000008a980000, 0x00000000d5580000)
  object space 173568K, 0% used [0x0000000080000000,0x0000000080018010,0x000000008a980000)
 Metaspace       used 18490K, capacity 18726K, committed 19072K, reserved 1067008K
  class space    used 2014K, capacity 2113K, committed 2176K, reserved 1048576K
}
Event: 2.017 GC heap before
{Heap before GC invocations=4 (full 0):
 PSYoungGen      total 75776K, used 53036K [0x00000000d5580000, 0x00000000daa00000, 0x0000000100000000)
  eden space 65024K, 67% used [0x00000000d5580000,0x00000000d806af68,0x00000000d9500000)
  from space 10752K, 84% used [0x00000000d9500000,0x00000000d9de0208,0x00000000d9f80000)
  to   space 10752K, 0% used [0x00000000d9f80000,0x00000000d9f80000,0x00000000daa00000)
 ParOldGen       total 173568K, used 96K [0x0000000080000000, 0x000000008a980000, 0x00000000d5580000)
  object space 173568K, 0% used [0x0000000080000000,0x0000000080018010,0x000000008a980000)
 Metaspace       used 20766K, capacity 21002K, committed 21296K, reserved 1069056K
  class space    used 2299K, capacity 2401K, committed 2432K, reserved 1048576K
Event: 2.022 GC heap after
Heap after GC invocations=4 (full 0):
 PSYoungGen      total 75776K, used 9385K [0x00000000d5580000, 0x00000000de980000, 0x0000000100000000)
  eden space 65024K, 0% used [0x00000000d5580000,0x00000000d5580000,0x00000000d9500000)
  from space 10752K, 87% used [0x00000000d9f80000,0x00000000da8aa7f0,0x00000000daa00000)
  to   space 10752K, 0% used [0x00000000d9500000,0x00000000d9500000,0x00000000d9f80000)
 ParOldGen       total 173568K, used 104K [0x0000000080000000, 0x000000008a980000, 0x00000000d5580000)
  object space 173568K, 0% used [0x0000000080000000,0x000000008001a010,0x000000008a980000)
 Metaspace       used 20766K, capacity 21002K, committed 21296K, reserved 1069056K
  class space    used 2299K, capacity 2401K, committed 2432K, reserved 1048576K
}
Event: 2.022 GC heap before
{Heap before GC invocations=5 (full 1):
 PSYoungGen      total 75776K, used 9385K [0x00000000d5580000, 0x00000000de980000, 0x0000000100000000)
  eden space 65024K, 0% used [0x00000000d5580000,0x00000000d5580000,0x00000000d9500000)
  from space 10752K, 87% used [0x00000000d9f80000,0x00000000da8aa7f0,0x00000000daa00000)
  to   space 10752K, 0% used [0x00000000d9500000,0x00000000d9500000,0x00000000d9f80000)
 ParOldGen       total 173568K, used 104K [0x0000000080000000, 0x000000008a980000, 0x00000000d5580000)
  object space 173568K, 0% used [0x0000000080000000,0x000000008001a010,0x000000008a980000)
 Metaspace       used 20766K, capacity 21002K, committed 21296K, reserved 1069056K
  class space    used 2299K, capacity 2401K, committed 2432K, reserved 1048576K

Deoptimization events (10 events):
Event: 1.547 Thread 0x0000029cd38e5000 Uncommon trap: reason=unstable_if action=reinterpret pc=0x0000029cd57225b8 method=java.util.BitSet.get(I)Z @ 60
Event: 1.583 Thread 0x0000029cd38e5000 Uncommon trap: reason=unstable_if action=reinterpret pc=0x0000029cd5a28528 method=java.util.jar.Manifest$FastInputStream.peek()B @ 23
Event: 1.720 Thread 0x0000029cd38e5000 Uncommon trap: reason=unstable_if action=reinterpret pc=0x0000029cd59b62e8 method=java.lang.Integer.parseInt(Ljava/lang/String;I)I @ 122
Event: 1.725 Thread 0x0000029cd38e5000 Uncommon trap: reason=class_check action=maybe_recompile pc=0x0000029cd56afb30 method=java.io.BufferedInputStream.read([BII)I @ 101
Event: 1.734 Thread 0x0000029cd38e5000 Uncommon trap: reason=unstable_if action=reinterpret pc=0x0000029cd56af940 method=java.io.DataInputStream.readUTF(Ljava/io/DataInput;)Ljava/lang/String; @ 31
Event: 1.745 Thread 0x0000029cd38e5000 Uncommon trap: reason=unstable_if action=reinterpret pc=0x0000029cd5a8ee1c method=sun.misc.URLClassPath$FileLoader.getResource(Ljava/lang/String;Z)Lsun/misc/Resource; @ 139
Event: 1.746 Thread 0x0000029cd38e5000 Uncommon trap: reason=unstable_if action=reinterpret pc=0x0000029cd5626cb8 method=java.io.WinNTFileSystem.normalize(Ljava/lang/String;II)Ljava/lang/String; @ 90
Event: 1.753 Thread 0x0000029cd38e5000 Uncommon trap: reason=unstable_if action=reinterpret pc=0x0000029cd5744764 method=java.io.WinNTFileSystem.prefixLength(Ljava/lang/String;)I @ 42
Event: 1.836 Thread 0x0000029cd38e5000 Uncommon trap: reason=unstable_if action=reinterpret pc=0x0000029cd59b1694 method=java.lang.CharacterDataLatin1.digit(II)I @ 82
Event: 2.014 Thread 0x0000029cd38e5000 Uncommon trap: reason=unstable_if action=reinterpret pc=0x0000029cd566c554 method=java.io.WinNTFileSystem.normalize(Ljava/lang/String;II)Ljava/lang/String; @ 8

Classes redefined (0 events):
No events

Internal exceptions (10 events):
Event: 1.928 Thread 0x0000029cd38e5000 Exception <a 'java/lang/ClassNotFoundException': org/codehaus/groovy/ast/AnnotationNodeBeanInfo> (0x00000000d7950508) thrown at [C:\jenkins\workspace\zulu-platform-build\zulu-src.git\hotspot\src\share\vm\classfile\systemDictionary.cpp, line 220]
Event: 1.929 Thread 0x0000029cd38e5000 Exception <a 'java/lang/ClassNotFoundException': org/codehaus/groovy/ast/ASTNodeBeanInfo> (0x00000000d79f5248) thrown at [C:\jenkins\workspace\zulu-platform-build\zulu-src.git\hotspot\src\share\vm\classfile\systemDictionary.cpp, line 220]
Event: 1.930 Thread 0x0000029cd38e5000 Exception <a 'java/lang/ClassNotFoundException': org/codehaus/groovy/ast/ASTNodeCustomizer> (0x00000000d7a9b548) thrown at [C:\jenkins\workspace\zulu-platform-build\zulu-src.git\hotspot\src\share\vm\classfile\systemDictionary.cpp, line 220]
Event: 1.932 Thread 0x0000029cd38e5000 Exception <a 'java/lang/ClassNotFoundException': org/codehaus/groovy/ast/AnnotationNodeCustomizer> (0x00000000d7b5dcd8) thrown at [C:\jenkins\workspace\zulu-platform-build\zulu-src.git\hotspot\src\share\vm\classfile\systemDictionary.cpp, line 220]
Event: 1.939 Thread 0x0000029cd38e5000 Exception <a 'java/lang/ClassNotFoundException': com/kms/katalon/core/testcase/TestCaseBindingBeanInfo> (0x00000000d7c783f0) thrown at [C:\jenkins\workspace\zulu-platform-build\zulu-src.git\hotspot\src\share\vm\classfile\systemDictionary.cpp, line 220]
Event: 1.940 Thread 0x0000029cd38e5000 Exception <a 'java/lang/ClassNotFoundException': com/kms/katalon/core/testcase/TestCaseBindingCustomizer> (0x00000000d7cf5f30) thrown at [C:\jenkins\workspace\zulu-platform-build\zulu-src.git\hotspot\src\share\vm\classfile\systemDictionary.cpp, line 220]
Event: 1.942 Thread 0x0000029cd38e5000 Exception <a 'java/lang/ClassNotFoundException': com/kms/katalon/core/model/FailureHandlingBeanInfo> (0x00000000d7dab9b8) thrown at [C:\jenkins\workspace\zulu-platform-build\zulu-src.git\hotspot\src\share\vm\classfile\systemDictionary.cpp, line 220]
Event: 1.943 Thread 0x0000029cd38e5000 Exception <a 'java/lang/ClassNotFoundException': java/lang/EnumBeanInfo> (0x00000000d7de0e78) thrown at [C:\jenkins\workspace\zulu-platform-build\zulu-src.git\hotspot\src\share\vm\classfile\systemDictionary.cpp, line 220]
Event: 1.943 Thread 0x0000029cd38e5000 Exception <a 'java/lang/ClassNotFoundException': java/lang/EnumCustomizer> (0x00000000d7e18358) thrown at [C:\jenkins\workspace\zulu-platform-build\zulu-src.git\hotspot\src\share\vm\classfile\systemDictionary.cpp, line 220]
Event: 1.945 Thread 0x0000029cd38e5000 Exception <a 'java/lang/ClassNotFoundException': com/kms/katalon/core/model/FailureHandlingCustomizer> (0x00000000d7e98958) thrown at [C:\jenkins\workspace\zulu-platform-build\zulu-src.git\hotspot\src\share\vm\classfile\systemDictionary.cpp, line 220]

Events (10 events):
Event: 2.007 loading class sun/security/pkcs/SigningCertificateInfo
Event: 2.007 loading class sun/security/pkcs/SigningCertificateInfo done
Event: 2.007 loading class sun/security/pkcs/ESSCertId
Event: 2.008 loading class sun/security/pkcs/ESSCertId done
Event: 2.008 loading class sun/security/rsa/RSASignature$SHA1withRSA
Event: 2.008 loading class sun/security/rsa/RSASignature$SHA1withRSA done
Event: 2.014 Thread 0x0000029cd38e5000 Uncommon trap: trap_request=0xffffff65 fr.pc=0x0000029cd566c554
Event: 2.014 Thread 0x0000029cd38e5000 DEOPT PACKING pc=0x0000029cd566c554 sp=0x000000d6d19fde10
Event: 2.014 Thread 0x0000029cd38e5000 DEOPT UNPACKING pc=0x0000029cd54b5683 sp=0x000000d6d19fddf8 mode 2
Event: 2.017 Executing VM operation: CollectForMetadataAllocation


Dynamic libraries:
0x00007ff6b9e60000 - 0x00007ff6b9eb1000 	C:\Users\H24090018\.katalon\packages\Katalon_Studio_Windows_64-8.6.9\Katalon_Studio_Windows_64-8.6.9\jre\bin\javaw.exe
0x00007ff8c15b0000 - 0x00007ff8c17c7000 	C:\Windows\SYSTEM32\ntdll.dll
0x00007ff8bf340000 - 0x00007ff8bf404000 	C:\Windows\System32\KERNEL32.DLL
0x00007ff8beb80000 - 0x00007ff8bef3a000 	C:\Windows\System32\KERNELBASE.dll
0x00007ff8c0540000 - 0x00007ff8c05f2000 	C:\Windows\System32\ADVAPI32.dll
0x00007ff8c1400000 - 0x00007ff8c14a7000 	C:\Windows\System32\msvcrt.dll
0x00007ff8bf410000 - 0x00007ff8bf4b7000 	C:\Windows\System32\sechost.dll
0x00007ff8bf0b0000 - 0x00007ff8bf0d8000 	C:\Windows\System32\bcrypt.dll
0x00007ff8c0a70000 - 0x00007ff8c0b84000 	C:\Windows\System32\RPCRT4.dll
0x00007ff8c0ed0000 - 0x00007ff8c107e000 	C:\Windows\System32\USER32.dll
0x00007ff8bf0e0000 - 0x00007ff8bf106000 	C:\Windows\System32\win32u.dll
0x00007ff8c1510000 - 0x00007ff8c1539000 	C:\Windows\System32\GDI32.dll
0x00007ff8bea60000 - 0x00007ff8beb7b000 	C:\Windows\System32\gdi32full.dll
0x00007ff8bf110000 - 0x00007ff8bf1aa000 	C:\Windows\System32\msvcp_win.dll
0x00007ff8be940000 - 0x00007ff8bea51000 	C:\Windows\System32\ucrtbase.dll
0x00007ff8a79f0000 - 0x00007ff8a7c82000 	C:\Windows\WinSxS\amd64_microsoft.windows.common-controls_6595b64144ccf1df_6.0.22621.4541_none_2710d1c57384c085\COMCTL32.dll
0x00007ff8bfec0000 - 0x00007ff8bfef1000 	C:\Windows\System32\IMM32.DLL
0x0000029cd5270000 - 0x0000029cd5285000 	C:\Windows\System32\umppc18913.dll
0x00007ff897d30000 - 0x00007ff897d45000 	C:\Users\H24090018\.katalon\packages\Katalon_Studio_Windows_64-8.6.9\Katalon_Studio_Windows_64-8.6.9\jre\bin\vcruntime140.dll
0x00007ff87f880000 - 0x00007ff87f91b000 	C:\Users\H24090018\.katalon\packages\Katalon_Studio_Windows_64-8.6.9\Katalon_Studio_Windows_64-8.6.9\jre\bin\msvcp140.dll
0x000000006dcd0000 - 0x000000006e540000 	C:\Users\H24090018\.katalon\packages\Katalon_Studio_Windows_64-8.6.9\Katalon_Studio_Windows_64-8.6.9\jre\bin\server\jvm.dll
0x00007ff8c0530000 - 0x00007ff8c0538000 	C:\Windows\System32\PSAPI.DLL
0x00007ff8a55f0000 - 0x00007ff8a55f9000 	C:\Windows\SYSTEM32\WSOCK32.dll
0x00007ff8c0e00000 - 0x00007ff8c0e71000 	C:\Windows\System32\WS2_32.dll
0x00007ff8b9190000 - 0x00007ff8b91c4000 	C:\Windows\SYSTEM32\WINMM.dll
0x00007ff8b8690000 - 0x00007ff8b869a000 	C:\Windows\SYSTEM32\VERSION.dll
0x00007ff8bd7e0000 - 0x00007ff8bd7f8000 	C:\Windows\SYSTEM32\kernel.appcore.dll
0x00007ff8ba450000 - 0x00007ff8ba460000 	C:\Users\H24090018\.katalon\packages\Katalon_Studio_Windows_64-8.6.9\Katalon_Studio_Windows_64-8.6.9\jre\bin\verify.dll
0x00007ff8b94e0000 - 0x00007ff8b950b000 	C:\Users\H24090018\.katalon\packages\Katalon_Studio_Windows_64-8.6.9\Katalon_Studio_Windows_64-8.6.9\jre\bin\java.dll
0x00007ff8b9270000 - 0x00007ff8b9288000 	C:\Users\H24090018\.katalon\packages\Katalon_Studio_Windows_64-8.6.9\Katalon_Studio_Windows_64-8.6.9\jre\bin\zip.dll
0x00007ff8bf4c0000 - 0x00007ff8bfd39000 	C:\Windows\System32\SHELL32.dll
0x00007ff8bc3f0000 - 0x00007ff8bccf9000 	C:\Windows\SYSTEM32\windows.storage.dll
0x00007ff8c0600000 - 0x00007ff8c0991000 	C:\Windows\System32\combase.dll
0x00007ff8bcd70000 - 0x00007ff8bceaf000 	C:\Windows\SYSTEM32\wintypes.dll
0x00007ff8c1160000 - 0x00007ff8c125a000 	C:\Windows\System32\SHCORE.dll
0x00007ff8c14b0000 - 0x00007ff8c150e000 	C:\Windows\System32\shlwapi.dll
0x00007ff8be770000 - 0x00007ff8be79b000 	C:\Windows\SYSTEM32\profapi.dll
0x00007ff8b7480000 - 0x00007ff8b749c000 	C:\Users\H24090018\.katalon\packages\Katalon_Studio_Windows_64-8.6.9\Katalon_Studio_Windows_64-8.6.9\jre\bin\net.dll
0x00007ff8bdcb0000 - 0x00007ff8bdd19000 	C:\Windows\system32\mswsock.dll
0x00007ff8b7170000 - 0x00007ff8b7183000 	C:\Users\H24090018\.katalon\packages\Katalon_Studio_Windows_64-8.6.9\Katalon_Studio_Windows_64-8.6.9\jre\bin\nio.dll
0x00007ff8bbf20000 - 0x00007ff8bc152000 	C:\Windows\SYSTEM32\dbghelp.dll
0x00007ff8c1080000 - 0x00007ff8c1157000 	C:\Windows\System32\OLEAUT32.dll
0x00007ff8be8c0000 - 0x00007ff8be93b000 	C:\Windows\System32\bcryptPrimitives.dll

VM Arguments:
jvm_args: -Dgroovy.home=C:\Users\H24090018/.groovy -Djava.system.class.loader=groovy.lang.GroovyClassLoader -Xmx2048m -Dfile.encoding=UTF-8 
java_command: org.codehaus.groovy.tools.GroovyStarter --classpath D:\Revamp_M-Smile\bin\keyword;D:\Revamp_M-Smile\Keywords;D:\Revamp_M-Smile\bin\listener;D:\Revamp_M-Smile\Test Listeners;D:\Revamp_M-Smile\bin\lib;D:\Revamp_M-Smile\Libs;D:\Revamp_M-Smile\bin\groovy;D:\Revamp_M-Smile\Include\scripts\groovy;C:\Users\H24090018\.katalon\packages\Katalon_Studio_Windows_64-8.6.9\Katalon_Studio_Windows_64-8.6.9\plugins\com.kms.katalon.core_1.0.0.202403131058.jar;C:\Users\H24090018\.katalon\packages\Katalon_Studio_Windows_64-8.6.9\Katalon_Studio_Windows_64-8.6.9\configuration\resources\lib\aalto-xml-1.0.0.jar;C:\Users\H24090018\.katalon\packages\Katalon_Studio_Windows_64-8.6.9\Katalon_Studio_Windows_64-8.6.9\configuration\resources\lib\aspectjweaver-1.9.1.jar;C:\Users\H24090018\.katalon\packages\Katalon_Studio_Windows_64-8.6.9\Katalon_Studio_Windows_64-8.6.9\configuration\resources\lib\bcpkix-jdk15on-1.64.jar;C:\Users\H24090018\.katalon\packages\Katalon_Studio_Windows_64-8.6.9\Katalon_Studio_Windows_64-8.6.9\configuration\resources\lib\bcprov-jdk15on-1.64.jar;C:\Users\H24090018\.katalon\packages\Katalon_Studio_Windows_64-8.6.9\Katalon_Studio_Windows_64-8.6.9\configuration\resources\lib\browsermob-core-2.1.5.jar;C:\Users\H24090018\.katalon\packages\Katalon_Studio_Windows_64-8.6.9\Katalon_Studio_Windows_64-8.6.9\configuration\resources\lib\cglib-3.2.10.jar;C:\Users\H24090018\.katalon\packages\Katalon_Studio_Windows_64-8.6.9\Katalon_Studio_Windows_64-8.6.9\configuration\resources\lib\commons-codec-1.10.jar;C:\Users\H24090018\.katalon\packages\Katalon_Studio_Windows_64-8.6.9\Katalon_Studio_Windows_64-8.6.9\configuration\resources\lib\commons-collections4-4.1.jar;C:\Users\H24090018\.katalon\packages\Katalon_Studio_Windows_64-8.6.9\Katalon_Studio_Windows_64-8.6.9\configuration\resources\lib\commons-validator-1.6.jar;C:\Users\H24090018\.katalon\packages\Katalon_Studio_Windows_64-8.6.9\Katalon_Studio_Windows_64-8.6.9\configuration\resources\lib\curvesapi-1.04.jar;C:\Users\H2409001
java_class_path (initial): D:\Revamp_M-Smile\bin\keyword;D:\Revamp_M-Smile\bin\listener;D:\Revamp_M-Smile\bin\lib;D:\Revamp_M-Smile\bin\groovy;D:\Revamp_M-Smile\bin;C:\Users\H24090018\.katalon\packages\Katalon_Studio_Windows_64-8.6.9\Katalon_Studio_Windows_64-8.6.9\plugins\com.kms.katalon.core_1.0.0.202403131058.jar;C:\Users\H24090018\.katalon\packages\Katalon_Studio_Windows_64-8.6.9\Katalon_Studio_Windows_64-8.6.9\configuration\resources\lib\aalto-xml-1.0.0.jar;C:\Users\H24090018\.katalon\packages\Katalon_Studio_Windows_64-8.6.9\Katalon_Studio_Windows_64-8.6.9\configuration\resources\lib\aspectjweaver-1.9.1.jar;C:\Users\H24090018\.katalon\packages\Katalon_Studio_Windows_64-8.6.9\Katalon_Studio_Windows_64-8.6.9\configuration\resources\lib\bcpkix-jdk15on-1.64.jar;C:\Users\H24090018\.katalon\packages\Katalon_Studio_Windows_64-8.6.9\Katalon_Studio_Windows_64-8.6.9\configuration\resources\lib\bcprov-jdk15on-1.64.jar;C:\Users\H24090018\.katalon\packages\Katalon_Studio_Windows_64-8.6.9\Katalon_Studio_Windows_64-8.6.9\configuration\resources\lib\browsermob-core-2.1.5.jar;C:\Users\H24090018\.katalon\packages\Katalon_Studio_Windows_64-8.6.9\Katalon_Studio_Windows_64-8.6.9\configuration\resources\lib\cglib-3.2.10.jar;C:\Users\H24090018\.katalon\packages\Katalon_Studio_Windows_64-8.6.9\Katalon_Studio_Windows_64-8.6.9\configuration\resources\lib\commons-codec-1.10.jar;C:\Users\H24090018\.katalon\packages\Katalon_Studio_Windows_64-8.6.9\Katalon_Studio_Windows_64-8.6.9\configuration\resources\lib\commons-collections4-4.1.jar;C:\Users\H24090018\.katalon\packages\Katalon_Studio_Windows_64-8.6.9\Katalon_Studio_Windows_64-8.6.9\configuration\resources\lib\commons-validator-1.6.jar;C:\Users\H24090018\.katalon\packages\Katalon_Studio_Windows_64-8.6.9\Katalon_Studio_Windows_64-8.6.9\configuration\resources\lib\curvesapi-1.04.jar;C:\Users\H24090018\.katalon\packages\Katalon_Studio_Windows_64-8.6.9\Katalon_Studio_Windows_64-8.6.9\configuration\resources\lib\dnsjava-2.1.8.jar;C:\Users\H2
Launcher Type: SUN_STANDARD

Environment Variables:
JAVA_HOME=C:\Users\H24090018\.katalon\packages\Katalon_Studio_Windows_64-8.6.9\Katalon_Studio_Windows_64-8.6.9\jre
PATH=C:/Users/H24090018/.katalon/packages/Katalon_Studio_Windows_64-8.6.9/Katalon_Studio_Windows_64-8.6.9/jre/bin/server;C:/Users/H24090018/.katalon/packages/Katalon_Studio_Windows_64-8.6.9/Katalon_Studio_Windows_64-8.6.9/jre/bin;C:/Users/H24090018/.katalon/packages/Katalon_Studio_Windows_64-8.6.9/Katalon_Studio_Windows_64-8.6.9/jre/lib/amd64;C:\Python312\Scripts\;C:\Python312\;C:\Program Files\Common Files\Oracle\Java\javapath;C:\Windows\system32;C:\Windows;C:\Windows\System32\Wbem;C:\Windows\System32\WindowsPowerShell\v1.0\;C:\Windows\System32\OpenSSH\;C:\Program Files\dotnet\;C:\Program Files (x86)\IBM\Client Access\Emulator;C:\Program Files (x86)\IBM\Client Access\Shared;C:\Program Files (x86)\IBM\Client Access\;C:\Program Files\nodejs\;C:\ProgramData\chocolatey\bin;C:\Users\H24090018\AppData\Roaming\npm;C:\Users\H24090018\AppData\Local\GitHubDesktop\bin;C:\Users\H24090018\.katalon\packages\Katalon_Studio_Windows_64-8.6.9\Katalon_Studio_Windows_64-8.6.9;:C:\Users\H24090018\.katalon\packages\Katalon_Studio_Windows_64-8.6.9\Katalon_Studio_Windows_64-8.6.9\jre\bin
USERNAME=H24090018
OS=Windows_NT
PROCESSOR_IDENTIFIER=Intel64 Family 6 Model 158 Stepping 9, GenuineIntel



---------------  S Y S T E M  ---------------

OS: Windows 11 , 64 bit Build 22621 (10.0.22621.4391)
HyperV virtualization detected

CPU:total 8 (initial active 8) (4 cores per cpu, 2 threads per core) family 6 model 158 stepping 9, cmov, cx8, fxsr, mmx, sse, sse2, sse3, ssse3, sse4.1, sse4.2, popcnt, avx, avx2, aes, clmul, erms, 3dnowpref, lzcnt, ht, tsc, tscinvbit, bmi1, bmi2, adx

Memory: 4k page, physical 16584156k(7678744k free), swap 17632732k(6747372k free)

vm_info: OpenJDK 64-Bit Server VM (25.362-b09) for windows-amd64 JRE (Zulu 8.68.0.21-CA-win64) (1.8.0_362-b09), built on Jan 19 2023 16:49:02 by "tester" with MS VC++ 15.9 (VS2017)

time: Thu Jan 23 10:28:47 2025
timezone: SE Asia Standard Time
elapsed time: 2.086260 seconds (0d 0h 0m 2s)

